{"level":"info","message":"Hello from Acquisitions!","service":"acquistions-api"}
{"level":"info","message":"::1 - - [05/Dec/2025:13:06:15 +0000] \"GET / HTTP/1.1\" 200 24 \"-\" \"Mozilla/5.0 (Windows NT 10.0; Win64; x64) AppleWebKit/537.36 (KHTML, like Gecko) Chrome/142.0.0.0 Safari/537.36\"","service":"acquistions-api"}
{"level":"info","message":"::1 - - [05/Dec/2025:13:06:15 +0000] \"GET /favicon.ico HTTP/1.1\" 404 150 \"-\" \"Mozilla/5.0 (Windows NT 10.0; Win64; x64) AppleWebKit/537.36 (KHTML, like Gecko) Chrome/142.0.0.0 Safari/537.36\"","service":"acquistions-api"}
{"level":"info","message":"Hello from Acquisitions!","service":"acquistions-api"}
{"level":"info","message":"::1 - - [05/Dec/2025:13:22:46 +0000] \"GET / HTTP/1.1\" 304 - \"-\" \"Mozilla/5.0 (Windows NT 10.0; Win64; x64) AppleWebKit/537.36 (KHTML, like Gecko) Chrome/142.0.0.0 Safari/537.36\"","service":"acquistions-api"}
{"level":"info","message":"::1 - - [05/Dec/2025:13:23:18 +0000] \"GET /health HTTP/1.1\" 200 74 \"-\" \"Mozilla/5.0 (Windows NT 10.0; Win64; x64) AppleWebKit/537.36 (KHTML, like Gecko) Chrome/142.0.0.0 Safari/537.36\"","service":"acquistions-api"}
{"level":"info","message":"::1 - - [05/Dec/2025:13:23:39 +0000] \"GET /api HTTP/1.1\" 200 41 \"-\" \"Mozilla/5.0 (Windows NT 10.0; Win64; x64) AppleWebKit/537.36 (KHTML, like Gecko) Chrome/142.0.0.0 Safari/537.36\"","service":"acquistions-api"}
{"level":"info","message":"Hello from Acquisitions!","service":"acquistions-api"}
{"level":"info","message":"::1 - - [05/Dec/2025:13:26:14 +0000] \"GET / HTTP/1.1\" 200 24 \"-\" \"HTTPie\"","service":"acquistions-api"}
{"level":"info","message":"::1 - - [05/Dec/2025:13:26:32 +0000] \"GET /api HTTP/1.1\" 200 41 \"-\" \"HTTPie\"","service":"acquistions-api"}
{"level":"info","message":"::1 - - [05/Dec/2025:13:26:45 +0000] \"GET /health HTTP/1.1\" 200 75 \"-\" \"HTTPie\"","service":"acquistions-api"}
{"level":"info","message":"::1 - - [05/Dec/2025:13:27:06 +0000] \"GET /api/auth/sign-in HTTP/1.1\" 404 155 \"-\" \"HTTPie\"","service":"acquistions-api"}
{"level":"info","message":"::1 - - [05/Dec/2025:13:27:52 +0000] \"GET /api/auth/sign-up HTTP/1.1\" 404 155 \"-\" \"HTTPie\"","service":"acquistions-api"}
{"level":"info","message":"::1 - - [05/Dec/2025:13:28:20 +0000] \"POST /api/auth/sign-up HTTP/1.1\" 200 31 \"-\" \"HTTPie\"","service":"acquistions-api"}
{"level":"error","message":"Signup error res is not defined","service":"acquistions-api","stack":"ReferenceError: res is not defined\n    at signup (file:///C:/Users/bmogi/Desktop/Practicing%20Coding/DevOps/Project/acquisitions/src/controllers/auth.controller.js:11:13)\n    at Layer.handleRequest (C:\\Users\\bmogi\\Desktop\\Practicing Coding\\DevOps\\Project\\acquisitions\\node_modules\\router\\lib\\layer.js:152:17)\n    at next (C:\\Users\\bmogi\\Desktop\\Practicing Coding\\DevOps\\Project\\acquisitions\\node_modules\\router\\lib\\route.js:157:13)\n    at Route.dispatch (C:\\Users\\bmogi\\Desktop\\Practicing Coding\\DevOps\\Project\\acquisitions\\node_modules\\router\\lib\\route.js:117:3)\n    at handle (C:\\Users\\bmogi\\Desktop\\Practicing Coding\\DevOps\\Project\\acquisitions\\node_modules\\router\\index.js:435:11)\n    at Layer.handleRequest (C:\\Users\\bmogi\\Desktop\\Practicing Coding\\DevOps\\Project\\acquisitions\\node_modules\\router\\lib\\layer.js:152:17)\n    at C:\\Users\\bmogi\\Desktop\\Practicing Coding\\DevOps\\Project\\acquisitions\\node_modules\\router\\index.js:295:15\n    at processParams (C:\\Users\\bmogi\\Desktop\\Practicing Coding\\DevOps\\Project\\acquisitions\\node_modules\\router\\index.js:582:12)\n    at next (C:\\Users\\bmogi\\Desktop\\Practicing Coding\\DevOps\\Project\\acquisitions\\node_modules\\router\\index.js:291:5)\n    at Function.handle (C:\\Users\\bmogi\\Desktop\\Practicing Coding\\DevOps\\Project\\acquisitions\\node_modules\\router\\index.js:186:3)"}
{"level":"info","message":"::1 - - [08/Dec/2025:16:06:25 +0000] \"POST /api/auth/sign-up HTTP/1.1\" 500 1566 \"-\" \"HTTPie\"","service":"acquistions-api"}
{"level":"info","message":"::1 - - [08/Dec/2025:16:07:29 +0000] \"POST /api/auth/sign-up HTTP/1.1\" 400 58 \"-\" \"HTTPie\"","service":"acquistions-api"}
{"level":"info","message":"::1 - - [08/Dec/2025:16:09:04 +0000] \"POST /api/auth/sign-up HTTP/1.1\" 400 91 \"-\" \"HTTPie\"","service":"acquistions-api"}
{"level":"info","message":"::1 - - [08/Dec/2025:16:09:44 +0000] \"POST /api/auth/sign-up HTTP/1.1\" 400 143 \"-\" \"HTTPie\"","service":"acquistions-api"}
{"level":"info","message":"User registered successfully: contact@gmail.com","service":"acquistions-api"}
{"level":"info","message":"::1 - - [08/Dec/2025:16:10:17 +0000] \"POST /api/auth/sign-up HTTP/1.1\" 201 103 \"-\" \"HTTPie\"","service":"acquistions-api"}
{"level":"error","message":"Error autheticating user: Error: User not found","service":"acquistions-api"}
{"level":"error","message":"Sign in error Cannot read properties of undefined (reading 'id')","service":"acquistions-api","stack":"TypeError: Cannot read properties of undefined (reading 'id')\n    at signIn (file:///C:/Users/bmogi/Desktop/Practicing%20Coding/DevOps/Project/acquisitions/src/controllers/auth.controller.js:63:48)\n    at process.processTicksAndRejections (node:internal/process/task_queues:95:5)"}
{"level":"info","message":"::1 - - [08/Dec/2025:18:01:50 +0000] \"POST /api/auth/sign-in HTTP/1.1\" 500 440 \"-\" \"HTTPie\"","service":"acquistions-api"}
{"level":"info","message":"User registered successfully: contact@gmail.com","service":"acquistions-api"}
{"level":"info","message":"::1 - - [08/Dec/2025:18:03:25 +0000] \"POST /api/auth/sign-up HTTP/1.1\" 201 39 \"-\" \"HTTPie\"","service":"acquistions-api"}
{"level":"info","message":"User [object Object] created successfully","service":"acquistions-api"}
{"level":"info","message":"User registered successfully: contact@gmail.com","service":"acquistions-api"}
{"level":"info","message":"::1 - - [08/Dec/2025:18:04:22 +0000] \"POST /api/auth/sign-up HTTP/1.1\" 201 39 \"-\" \"HTTPie\"","service":"acquistions-api"}
{"level":"error","message":"Error creating the user: Error: Failed query: insert into \"users\" (\"id\", \"name\", \"email\", \"password\", \"role\", \"created_at\", \"updated_at\") values (default, $1, $2, $3, $4, default, default) returning \"id\", \"name\", \"email\", \"role\", \"created_at\"\nparams: Bartek,contact@gmail.com,$2b$10$LylsA2M51Kgg3G0DG0HavueFdbQTlZf8XyM4qzGAIo7T7/7sLxe06,user","service":"acquistions-api"}
{"level":"info","message":"Hello from Acquisitions!","service":"acquistions-api"}
{"level":"info","message":"::1 - - [08/Dec/2025:18:05:50 +0000] \"GET / HTTP/1.1\" 200 24 \"-\" \"Mozilla/5.0 (Windows NT 10.0; Win64; x64) AppleWebKit/537.36 (KHTML, like Gecko) Chrome/142.0.0.0 Safari/537.36\"","service":"acquistions-api"}
{"level":"info","message":"::1 - - [08/Dec/2025:18:05:50 +0000] \"GET /favicon.ico HTTP/1.1\" 404 150 \"-\" \"Mozilla/5.0 (Windows NT 10.0; Win64; x64) AppleWebKit/537.36 (KHTML, like Gecko) Chrome/142.0.0.0 Safari/537.36\"","service":"acquistions-api"}
{"level":"info","message":"User contact@gmail.com autheticated successfully","service":"acquistions-api"}
{"level":"info","message":"User signed in successfully: contact@gmail.com","service":"acquistions-api"}
{"level":"info","message":"::1 - - [08/Dec/2025:18:06:56 +0000] \"POST /api/auth/sign-in HTTP/1.1\" 200 115 \"-\" \"HTTPie\"","service":"acquistions-api"}
{"level":"error","message":"Sign out error res.clearCookie is not a function","service":"acquistions-api","stack":"TypeError: res.clearCookie is not a function\n    at Object.clear (file:///C:/Users/bmogi/Desktop/Practicing%20Coding/DevOps/Project/acquisitions/src/utils/cookies.js:12:13)\n    at signOut (file:///C:/Users/bmogi/Desktop/Practicing%20Coding/DevOps/Project/acquisitions/src/controllers/auth.controller.js:90:17)\n    at Layer.handleRequest (C:\\Users\\bmogi\\Desktop\\Practicing Coding\\DevOps\\Project\\acquisitions\\node_modules\\router\\lib\\layer.js:152:17)\n    at next (C:\\Users\\bmogi\\Desktop\\Practicing Coding\\DevOps\\Project\\acquisitions\\node_modules\\router\\lib\\route.js:157:13)\n    at Route.dispatch (C:\\Users\\bmogi\\Desktop\\Practicing Coding\\DevOps\\Project\\acquisitions\\node_modules\\router\\lib\\route.js:117:3)\n    at handle (C:\\Users\\bmogi\\Desktop\\Practicing Coding\\DevOps\\Project\\acquisitions\\node_modules\\router\\index.js:435:11)\n    at Layer.handleRequest (C:\\Users\\bmogi\\Desktop\\Practicing Coding\\DevOps\\Project\\acquisitions\\node_modules\\router\\lib\\layer.js:152:17)\n    at C:\\Users\\bmogi\\Desktop\\Practicing Coding\\DevOps\\Project\\acquisitions\\node_modules\\router\\index.js:295:15\n    at processParams (C:\\Users\\bmogi\\Desktop\\Practicing Coding\\DevOps\\Project\\acquisitions\\node_modules\\router\\index.js:582:12)\n    at next (C:\\Users\\bmogi\\Desktop\\Practicing Coding\\DevOps\\Project\\acquisitions\\node_modules\\router\\index.js:291:5)"}
{"level":"info","message":"::1 - - [08/Dec/2025:18:07:24 +0000] \"POST /api/auth/sign-out HTTP/1.1\" 500 1576 \"-\" \"HTTPie\"","service":"acquistions-api"}
{"level":"info","message":"User signed out successfully","service":"acquistions-api"}
{"level":"info","message":"::1 - - [08/Dec/2025:18:10:24 +0000] \"POST /api/auth/sign-out HTTP/1.1\" 200 42 \"-\" \"HTTPie\"","service":"acquistions-api"}
{"level":"info","message":"::1 - - [09/Dec/2025:14:19:18 +0000] \"POST /health HTTP/1.1\" 404 146 \"-\" \"HTTPie\"","service":"acquistions-api"}
{"level":"info","message":"::1 - - [09/Dec/2025:14:19:24 +0000] \"GET /health HTTP/1.1\" 200 72 \"-\" \"HTTPie\"","service":"acquistions-api"}
{"level":"info","message":"::1 - - [09/Dec/2025:14:19:25 +0000] \"GET /health HTTP/1.1\" 200 73 \"-\" \"HTTPie\"","service":"acquistions-api"}
{"level":"info","message":"::1 - - [09/Dec/2025:14:19:25 +0000] \"GET /health HTTP/1.1\" 200 72 \"-\" \"HTTPie\"","service":"acquistions-api"}
{"level":"info","message":"::1 - - [09/Dec/2025:14:19:26 +0000] \"GET /health HTTP/1.1\" 200 73 \"-\" \"HTTPie\"","service":"acquistions-api"}
{"ip":"::1","level":"warn","message":"Rate Limit exceeded","path":"/health","service":"acquistions-api","userAgent":"HTTPie"}
{"level":"info","message":"::1 - - [09/Dec/2025:14:19:26 +0000] \"GET /health HTTP/1.1\" 403 51 \"-\" \"HTTPie\"","service":"acquistions-api"}
{"ip":"::1","level":"warn","message":"Rate Limit exceeded","path":"/health","service":"acquistions-api","userAgent":"HTTPie"}
{"level":"info","message":"::1 - - [09/Dec/2025:14:19:26 +0000] \"GET /health HTTP/1.1\" 403 51 \"-\" \"HTTPie\"","service":"acquistions-api"}
{"ip":"::1","level":"warn","message":"Rate Limit exceeded","path":"/health","service":"acquistions-api","userAgent":"HTTPie"}
{"level":"info","message":"::1 - - [09/Dec/2025:14:19:26 +0000] \"GET /health HTTP/1.1\" 403 51 \"-\" \"HTTPie\"","service":"acquistions-api"}
{"ip":"::1","level":"warn","message":"Rate Limit exceeded","path":"/health","service":"acquistions-api","userAgent":"HTTPie"}
{"level":"info","message":"::1 - - [09/Dec/2025:14:19:26 +0000] \"GET /health HTTP/1.1\" 403 51 \"-\" \"HTTPie\"","service":"acquistions-api"}
{"ip":"::1","level":"warn","message":"Rate Limit exceeded","path":"/health","service":"acquistions-api","userAgent":"HTTPie"}
{"level":"info","message":"::1 - - [09/Dec/2025:14:19:26 +0000] \"GET /health HTTP/1.1\" 403 51 \"-\" \"HTTPie\"","service":"acquistions-api"}
{"ip":"::1","level":"warn","message":"Rate Limit exceeded","path":"/health","service":"acquistions-api","userAgent":"HTTPie"}
{"level":"info","message":"::1 - - [09/Dec/2025:14:19:26 +0000] \"GET /health HTTP/1.1\" 403 51 \"-\" \"HTTPie\"","service":"acquistions-api"}
{"level":"info","message":"::1 - - [11/Dec/2025:12:13:19 +0000] \"GET /health HTTP/1.1\" 200 75 \"-\" \"-\"","service":"acquistions-api"}
{"level":"info","message":"Hello from Acquisitions!","service":"acquistions-api"}
{"level":"info","message":"::ffff:172.19.0.1 - - [11/Dec/2025:12:13:46 +0000] \"GET / HTTP/1.1\" 200 24 \"-\" \"Mozilla/5.0 (Windows NT 10.0; Win64; x64) AppleWebKit/537.36 (KHTML, like Gecko) Chrome/143.0.0.0 Safari/537.36\"","service":"acquistions-api"}
{"level":"info","message":"::ffff:172.19.0.1 - - [11/Dec/2025:12:13:46 +0000] \"GET /favicon.ico HTTP/1.1\" 404 150 \"-\" \"Mozilla/5.0 (Windows NT 10.0; Win64; x64) AppleWebKit/537.36 (KHTML, like Gecko) Chrome/143.0.0.0 Safari/537.36\"","service":"acquistions-api"}
{"level":"info","message":"::1 - - [11/Dec/2025:12:13:49 +0000] \"GET /health HTTP/1.1\" 200 75 \"-\" \"-\"","service":"acquistions-api"}
{"level":"info","message":"::ffff:172.19.0.1 - - [11/Dec/2025:12:13:54 +0000] \"GET /health HTTP/1.1\" 200 76 \"-\" \"Mozilla/5.0 (Windows NT 10.0; Win64; x64) AppleWebKit/537.36 (KHTML, like Gecko) Chrome/143.0.0.0 Safari/537.36\"","service":"acquistions-api"}
{"ip":"::ffff:172.19.0.1","level":"warn","message":"Rate Limit exceeded","path":"/api/sign-up","service":"acquistions-api","userAgent":"Mozilla/5.0 (Windows NT 10.0; Win64; x64) AppleWebKit/537.36 (KHTML, like Gecko) Chrome/143.0.0.0 Safari/537.36"}
{"level":"info","message":"::ffff:172.19.0.1 - - [11/Dec/2025:12:14:07 +0000] \"GET /api/sign-up HTTP/1.1\" 403 51 \"-\" \"Mozilla/5.0 (Windows NT 10.0; Win64; x64) AppleWebKit/537.36 (KHTML, like Gecko) Chrome/143.0.0.0 Safari/537.36\"","service":"acquistions-api"}
{"level":"info","message":"::1 - - [11/Dec/2025:12:14:20 +0000] \"GET /health HTTP/1.1\" 200 76 \"-\" \"-\"","service":"acquistions-api"}
{"level":"info","message":"::ffff:172.19.0.1 - - [11/Dec/2025:12:14:48 +0000] \"GET /api HTTP/1.1\" 200 41 \"-\" \"Mozilla/5.0 (Windows NT 10.0; Win64; x64) AppleWebKit/537.36 (KHTML, like Gecko) Chrome/143.0.0.0 Safari/537.36\"","service":"acquistions-api"}
{"level":"info","message":"::1 - - [11/Dec/2025:12:14:50 +0000] \"GET /health HTTP/1.1\" 200 76 \"-\" \"-\"","service":"acquistions-api"}
{"level":"info","message":"::1 - - [11/Dec/2025:12:15:20 +0000] \"GET /health HTTP/1.1\" 200 77 \"-\" \"-\"","service":"acquistions-api"}
{"level":"info","message":"::ffff:172.19.0.1 - - [11/Dec/2025:12:15:30 +0000] \"GET /health HTTP/1.1\" 200 77 \"-\" \"HTTPie\"","service":"acquistions-api"}
{"level":"info","message":"::1 - - [11/Dec/2025:12:15:50 +0000] \"GET /health HTTP/1.1\" 200 77 \"-\" \"-\"","service":"acquistions-api"}
{"level":"info","message":"::1 - - [11/Dec/2025:12:16:20 +0000] \"GET /health HTTP/1.1\" 200 77 \"-\" \"-\"","service":"acquistions-api"}
{"level":"info","message":"::1 - - [11/Dec/2025:12:16:51 +0000] \"GET /health HTTP/1.1\" 200 77 \"-\" \"-\"","service":"acquistions-api"}
{"level":"info","message":"::1 - - [11/Dec/2025:12:17:21 +0000] \"GET /health HTTP/1.1\" 200 77 \"-\" \"-\"","service":"acquistions-api"}
{"level":"info","message":"::1 - - [11/Dec/2025:12:17:51 +0000] \"GET /health HTTP/1.1\" 200 77 \"-\" \"-\"","service":"acquistions-api"}
{"level":"info","message":"::ffff:172.19.0.1 - - [11/Dec/2025:12:18:19 +0000] \"POST /api/auth/sign-up HTTP/1.1\" 400 195 \"-\" \"HTTPie\"","service":"acquistions-api"}
{"level":"info","message":"::1 - - [11/Dec/2025:12:18:21 +0000] \"GET /health HTTP/1.1\" 200 77 \"-\" \"-\"","service":"acquistions-api"}
{"level":"info","message":"::ffff:172.19.0.1 - - [11/Dec/2025:12:18:37 +0000] \"POST /api/auth/sign-up HTTP/1.1\" 400 195 \"-\" \"HTTPie\"","service":"acquistions-api"}
{"level":"info","message":"::1 - - [11/Dec/2025:12:18:52 +0000] \"GET /health HTTP/1.1\" 200 77 \"-\" \"-\"","service":"acquistions-api"}
{"level":"info","message":"::1 - - [11/Dec/2025:12:19:22 +0000] \"GET /health HTTP/1.1\" 200 77 \"-\" \"-\"","service":"acquistions-api"}
{"level":"info","message":"User [object Object] created successfully","service":"acquistions-api"}
{"level":"info","message":"User registered successfully: newemail123@gmail.com","service":"acquistions-api"}
{"level":"info","message":"::ffff:172.19.0.1 - - [11/Dec/2025:12:19:33 +0000] \"POST /api/auth/sign-up HTTP/1.1\" 201 107 \"-\" \"HTTPie\"","service":"acquistions-api"}
{"level":"info","message":"::1 - - [11/Dec/2025:12:19:52 +0000] \"GET /health HTTP/1.1\" 200 77 \"-\" \"-\"","service":"acquistions-api"}
{"level":"info","message":"::1 - - [11/Dec/2025:12:20:22 +0000] \"GET /health HTTP/1.1\" 200 77 \"-\" \"-\"","service":"acquistions-api"}
{"level":"info","message":"::1 - - [11/Dec/2025:12:20:52 +0000] \"GET /health HTTP/1.1\" 200 77 \"-\" \"-\"","service":"acquistions-api"}
{"level":"info","message":"::1 - - [11/Dec/2025:12:21:23 +0000] \"GET /health HTTP/1.1\" 200 77 \"-\" \"-\"","service":"acquistions-api"}
{"level":"info","message":"::1 - - [11/Dec/2025:12:21:53 +0000] \"GET /health HTTP/1.1\" 200 77 \"-\" \"-\"","service":"acquistions-api"}
{"level":"info","message":"::1 - - [11/Dec/2025:12:22:23 +0000] \"GET /health HTTP/1.1\" 200 77 \"-\" \"-\"","service":"acquistions-api"}
{"level":"info","message":"::1 - - [11/Dec/2025:12:22:53 +0000] \"GET /health HTTP/1.1\" 200 77 \"-\" \"-\"","service":"acquistions-api"}
{"level":"info","message":"::1 - - [11/Dec/2025:12:23:23 +0000] \"GET /health HTTP/1.1\" 200 77 \"-\" \"-\"","service":"acquistions-api"}
{"level":"info","message":"::1 - - [11/Dec/2025:12:23:54 +0000] \"GET /health HTTP/1.1\" 200 77 \"-\" \"-\"","service":"acquistions-api"}
{"level":"info","message":"::1 - - [11/Dec/2025:12:24:24 +0000] \"GET /health HTTP/1.1\" 200 77 \"-\" \"-\"","service":"acquistions-api"}
{"level":"info","message":"::1 - - [11/Dec/2025:12:24:54 +0000] \"GET /health HTTP/1.1\" 200 77 \"-\" \"-\"","service":"acquistions-api"}
{"level":"info","message":"::1 - - [11/Dec/2025:12:25:24 +0000] \"GET /health HTTP/1.1\" 200 77 \"-\" \"-\"","service":"acquistions-api"}
{"level":"info","message":"::1 - - [11/Dec/2025:12:25:54 +0000] \"GET /health HTTP/1.1\" 200 77 \"-\" \"-\"","service":"acquistions-api"}
{"level":"info","message":"::1 - - [11/Dec/2025:12:26:25 +0000] \"GET /health HTTP/1.1\" 200 77 \"-\" \"-\"","service":"acquistions-api"}
{"level":"info","message":"::1 - - [11/Dec/2025:12:26:55 +0000] \"GET /health HTTP/1.1\" 200 77 \"-\" \"-\"","service":"acquistions-api"}
{"level":"info","message":"::1 - - [11/Dec/2025:12:27:25 +0000] \"GET /health HTTP/1.1\" 200 77 \"-\" \"-\"","service":"acquistions-api"}
{"level":"info","message":"::1 - - [11/Dec/2025:12:27:55 +0000] \"GET /health HTTP/1.1\" 200 77 \"-\" \"-\"","service":"acquistions-api"}
{"level":"info","message":"::1 - - [11/Dec/2025:12:28:25 +0000] \"GET /health HTTP/1.1\" 200 77 \"-\" \"-\"","service":"acquistions-api"}
{"level":"info","message":"::1 - - [11/Dec/2025:12:28:56 +0000] \"GET /health HTTP/1.1\" 200 76 \"-\" \"-\"","service":"acquistions-api"}
{"level":"info","message":"::1 - - [11/Dec/2025:12:29:26 +0000] \"GET /health HTTP/1.1\" 200 77 \"-\" \"-\"","service":"acquistions-api"}
{"level":"info","message":"::1 - - [11/Dec/2025:12:29:56 +0000] \"GET /health HTTP/1.1\" 200 78 \"-\" \"-\"","service":"acquistions-api"}
{"level":"info","message":"::1 - - [11/Dec/2025:12:30:26 +0000] \"GET /health HTTP/1.1\" 200 78 \"-\" \"-\"","service":"acquistions-api"}
{"level":"info","message":"::1 - - [11/Dec/2025:12:30:56 +0000] \"GET /health HTTP/1.1\" 200 78 \"-\" \"-\"","service":"acquistions-api"}
{"level":"info","message":"::1 - - [11/Dec/2025:12:31:27 +0000] \"GET /health HTTP/1.1\" 200 78 \"-\" \"-\"","service":"acquistions-api"}
{"level":"info","message":"::1 - - [11/Dec/2025:12:31:57 +0000] \"GET /health HTTP/1.1\" 200 78 \"-\" \"-\"","service":"acquistions-api"}
{"level":"info","message":"::1 - - [11/Dec/2025:12:32:27 +0000] \"GET /health HTTP/1.1\" 200 78 \"-\" \"-\"","service":"acquistions-api"}
{"level":"info","message":"::1 - - [11/Dec/2025:12:32:57 +0000] \"GET /health HTTP/1.1\" 200 78 \"-\" \"-\"","service":"acquistions-api"}
{"level":"info","message":"::1 - - [11/Dec/2025:12:33:28 +0000] \"GET /health HTTP/1.1\" 200 78 \"-\" \"-\"","service":"acquistions-api"}
{"level":"info","message":"::1 - - [11/Dec/2025:12:33:58 +0000] \"GET /health HTTP/1.1\" 200 78 \"-\" \"-\"","service":"acquistions-api"}
{"level":"info","message":"::1 - - [11/Dec/2025:12:34:28 +0000] \"GET /health HTTP/1.1\" 200 78 \"-\" \"-\"","service":"acquistions-api"}
{"level":"info","message":"::1 - - [11/Dec/2025:12:34:58 +0000] \"GET /health HTTP/1.1\" 200 78 \"-\" \"-\"","service":"acquistions-api"}
{"level":"info","message":"::1 - - [11/Dec/2025:12:35:28 +0000] \"GET /health HTTP/1.1\" 200 78 \"-\" \"-\"","service":"acquistions-api"}
{"level":"info","message":"::1 - - [11/Dec/2025:12:35:59 +0000] \"GET /health HTTP/1.1\" 200 78 \"-\" \"-\"","service":"acquistions-api"}
{"level":"info","message":"::1 - - [11/Dec/2025:12:36:29 +0000] \"GET /health HTTP/1.1\" 200 78 \"-\" \"-\"","service":"acquistions-api"}
{"level":"info","message":"::1 - - [11/Dec/2025:12:36:59 +0000] \"GET /health HTTP/1.1\" 200 78 \"-\" \"-\"","service":"acquistions-api"}
{"level":"info","message":"::1 - - [11/Dec/2025:12:37:29 +0000] \"GET /health HTTP/1.1\" 200 78 \"-\" \"-\"","service":"acquistions-api"}
{"level":"info","message":"::1 - - [12/Dec/2025:14:40:43 +0000] \"GET /health HTTP/1.1\" 200 75 \"-\" \"-\"","service":"acquistions-api"}
{"level":"info","message":"::1 - - [12/Dec/2025:14:41:14 +0000] \"GET /health HTTP/1.1\" 200 76 \"-\" \"-\"","service":"acquistions-api"}
{"level":"info","message":"::1 - - [12/Dec/2025:14:41:44 +0000] \"GET /health HTTP/1.1\" 200 76 \"-\" \"-\"","service":"acquistions-api"}
{"level":"info","message":"::1 - - [12/Dec/2025:14:42:07 +0000] \"GET /health HTTP/1.1\" 200 75 \"-\" \"-\"","service":"acquistions-api"}
{"level":"info","message":"Hello from Acquisitions!","service":"acquistions-api"}
{"level":"info","message":"::ffff:172.19.0.1 - - [12/Dec/2025:14:42:11 +0000] \"GET / HTTP/1.1\" 200 24 \"-\" \"Mozilla/5.0 (Windows NT 10.0; Win64; x64) AppleWebKit/537.36 (KHTML, like Gecko) Chrome/143.0.0.0 Safari/537.36\"","service":"acquistions-api"}
{"level":"info","message":"::ffff:172.19.0.1 - - [12/Dec/2025:14:42:11 +0000] \"GET /favicon.ico HTTP/1.1\" 404 150 \"-\" \"Mozilla/5.0 (Windows NT 10.0; Win64; x64) AppleWebKit/537.36 (KHTML, like Gecko) Chrome/143.0.0.0 Safari/537.36\"","service":"acquistions-api"}
{"level":"info","message":"Getting users...","service":"acquistions-api"}
{"level":"info","message":"::ffff:172.19.0.1 - - [12/Dec/2025:14:42:35 +0000] \"GET /api/users HTTP/1.1\" 200 209 \"-\" \"Mozilla/5.0 (Windows NT 10.0; Win64; x64) AppleWebKit/537.36 (KHTML, like Gecko) Chrome/143.0.0.0 Safari/537.36\"","service":"acquistions-api"}
{"level":"info","message":"::1 - - [12/Dec/2025:14:42:37 +0000] \"GET /health HTTP/1.1\" 200 76 \"-\" \"-\"","service":"acquistions-api"}
{"level":"info","message":"::1 - - [12/Dec/2025:14:43:07 +0000] \"GET /health HTTP/1.1\" 200 76 \"-\" \"-\"","service":"acquistions-api"}
{"level":"info","message":"::1 - - [12/Dec/2025:14:43:38 +0000] \"GET /health HTTP/1.1\" 200 76 \"-\" \"-\"","service":"acquistions-api"}
{"level":"info","message":"::1 - - [12/Dec/2025:14:44:08 +0000] \"GET /health HTTP/1.1\" 200 77 \"-\" \"-\"","service":"acquistions-api"}
{"level":"info","message":"::1 - - [12/Dec/2025:14:44:38 +0000] \"GET /health HTTP/1.1\" 200 76 \"-\" \"-\"","service":"acquistions-api"}
{"level":"info","message":"::1 - - [12/Dec/2025:14:45:08 +0000] \"GET /health HTTP/1.1\" 200 77 \"-\" \"-\"","service":"acquistions-api"}
{"level":"info","message":"::1 - - [12/Dec/2025:14:45:38 +0000] \"GET /health HTTP/1.1\" 200 77 \"-\" \"-\"","service":"acquistions-api"}
{"level":"info","message":"::1 - - [12/Dec/2025:14:46:09 +0000] \"GET /health HTTP/1.1\" 200 77 \"-\" \"-\"","service":"acquistions-api"}
{"level":"info","message":"::1 - - [12/Dec/2025:14:46:39 +0000] \"GET /health HTTP/1.1\" 200 77 \"-\" \"-\"","service":"acquistions-api"}
{"level":"info","message":"::1 - - [12/Dec/2025:14:47:09 +0000] \"GET /health HTTP/1.1\" 200 77 \"-\" \"-\"","service":"acquistions-api"}
{"level":"info","message":"::1 - - [12/Dec/2025:14:47:39 +0000] \"GET /health HTTP/1.1\" 200 77 \"-\" \"-\"","service":"acquistions-api"}
{"level":"info","message":"::1 - - [12/Dec/2025:14:48:09 +0000] \"GET /health HTTP/1.1\" 200 76 \"-\" \"-\"","service":"acquistions-api"}
{"level":"info","message":"::1 - - [12/Dec/2025:14:48:40 +0000] \"GET /health HTTP/1.1\" 200 77 \"-\" \"-\"","service":"acquistions-api"}
{"level":"info","message":"::1 - - [12/Dec/2025:14:49:10 +0000] \"GET /health HTTP/1.1\" 200 77 \"-\" \"-\"","service":"acquistions-api"}
{"level":"info","message":"::1 - - [12/Dec/2025:14:49:40 +0000] \"GET /health HTTP/1.1\" 200 76 \"-\" \"-\"","service":"acquistions-api"}
{"level":"info","message":"::1 - - [12/Dec/2025:14:50:10 +0000] \"GET /health HTTP/1.1\" 200 77 \"-\" \"-\"","service":"acquistions-api"}
{"level":"info","message":"::1 - - [12/Dec/2025:14:50:40 +0000] \"GET /health HTTP/1.1\" 200 77 \"-\" \"-\"","service":"acquistions-api"}
{"level":"info","message":"::1 - - [12/Dec/2025:14:51:11 +0000] \"GET /health HTTP/1.1\" 200 76 \"-\" \"-\"","service":"acquistions-api"}
{"level":"info","message":"::1 - - [12/Dec/2025:14:51:41 +0000] \"GET /health HTTP/1.1\" 200 77 \"-\" \"-\"","service":"acquistions-api"}
{"level":"info","message":"::1 - - [12/Dec/2025:14:52:11 +0000] \"GET /health HTTP/1.1\" 200 77 \"-\" \"-\"","service":"acquistions-api"}
{"level":"info","message":"::1 - - [12/Dec/2025:14:52:41 +0000] \"GET /health HTTP/1.1\" 200 77 \"-\" \"-\"","service":"acquistions-api"}
{"level":"info","message":"::1 - - [12/Dec/2025:14:53:12 +0000] \"GET /health HTTP/1.1\" 200 77 \"-\" \"-\"","service":"acquistions-api"}
{"level":"info","message":"::1 - - [12/Dec/2025:14:53:42 +0000] \"GET /health HTTP/1.1\" 200 77 \"-\" \"-\"","service":"acquistions-api"}
{"level":"info","message":"::1 - - [12/Dec/2025:14:54:12 +0000] \"GET /health HTTP/1.1\" 200 77 \"-\" \"-\"","service":"acquistions-api"}
{"level":"info","message":"::1 - - [12/Dec/2025:14:54:42 +0000] \"GET /health HTTP/1.1\" 200 77 \"-\" \"-\"","service":"acquistions-api"}
{"level":"info","message":"::1 - - [12/Dec/2025:14:55:12 +0000] \"GET /health HTTP/1.1\" 200 77 \"-\" \"-\"","service":"acquistions-api"}
{"level":"info","message":"::1 - - [12/Dec/2025:14:55:43 +0000] \"GET /health HTTP/1.1\" 200 77 \"-\" \"-\"","service":"acquistions-api"}
{"level":"info","message":"::1 - - [12/Dec/2025:14:56:13 +0000] \"GET /health HTTP/1.1\" 200 77 \"-\" \"-\"","service":"acquistions-api"}
{"level":"info","message":"::1 - - [12/Dec/2025:14:56:43 +0000] \"GET /health HTTP/1.1\" 200 77 \"-\" \"-\"","service":"acquistions-api"}
{"level":"info","message":"::1 - - [12/Dec/2025:14:57:13 +0000] \"GET /health HTTP/1.1\" 200 76 \"-\" \"-\"","service":"acquistions-api"}
{"level":"info","message":"::1 - - [12/Dec/2025:14:57:43 +0000] \"GET /health HTTP/1.1\" 200 77 \"-\" \"-\"","service":"acquistions-api"}
{"level":"info","message":"::1 - - [12/Dec/2025:14:58:14 +0000] \"GET /health HTTP/1.1\" 200 77 \"-\" \"-\"","service":"acquistions-api"}
{"level":"info","message":"::1 - - [12/Dec/2025:14:58:44 +0000] \"GET /health HTTP/1.1\" 200 78 \"-\" \"-\"","service":"acquistions-api"}
{"level":"info","message":"::1 - - [12/Dec/2025:14:59:14 +0000] \"GET /health HTTP/1.1\" 200 78 \"-\" \"-\"","service":"acquistions-api"}
{"level":"info","message":"::1 - - [12/Dec/2025:14:59:44 +0000] \"GET /health HTTP/1.1\" 200 78 \"-\" \"-\"","service":"acquistions-api"}
{"level":"info","message":"::1 - - [12/Dec/2025:15:00:14 +0000] \"GET /health HTTP/1.1\" 200 78 \"-\" \"-\"","service":"acquistions-api"}
{"level":"info","message":"::1 - - [12/Dec/2025:15:00:45 +0000] \"GET /health HTTP/1.1\" 200 78 \"-\" \"-\"","service":"acquistions-api"}
{"level":"info","message":"::1 - - [12/Dec/2025:15:01:15 +0000] \"GET /health HTTP/1.1\" 200 77 \"-\" \"-\"","service":"acquistions-api"}
{"level":"info","message":"::1 - - [12/Dec/2025:15:01:45 +0000] \"GET /health HTTP/1.1\" 200 78 \"-\" \"-\"","service":"acquistions-api"}
{"level":"info","message":"::1 - - [12/Dec/2025:15:02:15 +0000] \"GET /health HTTP/1.1\" 200 78 \"-\" \"-\"","service":"acquistions-api"}
{"level":"info","message":"::1 - - [12/Dec/2025:15:02:45 +0000] \"GET /health HTTP/1.1\" 200 78 \"-\" \"-\"","service":"acquistions-api"}
{"level":"info","message":"::1 - - [12/Dec/2025:15:03:16 +0000] \"GET /health HTTP/1.1\" 200 78 \"-\" \"-\"","service":"acquistions-api"}
{"level":"info","message":"::1 - - [12/Dec/2025:15:03:46 +0000] \"GET /health HTTP/1.1\" 200 78 \"-\" \"-\"","service":"acquistions-api"}
{"level":"info","message":"::1 - - [12/Dec/2025:15:04:16 +0000] \"GET /health HTTP/1.1\" 200 78 \"-\" \"-\"","service":"acquistions-api"}
{"level":"info","message":"::1 - - [12/Dec/2025:15:04:46 +0000] \"GET /health HTTP/1.1\" 200 78 \"-\" \"-\"","service":"acquistions-api"}
{"level":"info","message":"::1 - - [12/Dec/2025:15:05:17 +0000] \"GET /health HTTP/1.1\" 200 78 \"-\" \"-\"","service":"acquistions-api"}
{"level":"info","message":"::1 - - [12/Dec/2025:15:05:47 +0000] \"GET /health HTTP/1.1\" 200 78 \"-\" \"-\"","service":"acquistions-api"}
{"level":"info","message":"::1 - - [12/Dec/2025:15:06:17 +0000] \"GET /health HTTP/1.1\" 200 77 \"-\" \"-\"","service":"acquistions-api"}
{"level":"info","message":"::1 - - [12/Dec/2025:15:06:47 +0000] \"GET /health HTTP/1.1\" 200 78 \"-\" \"-\"","service":"acquistions-api"}
{"level":"info","message":"::1 - - [12/Dec/2025:15:07:17 +0000] \"GET /health HTTP/1.1\" 200 78 \"-\" \"-\"","service":"acquistions-api"}
{"level":"info","message":"::1 - - [12/Dec/2025:15:07:48 +0000] \"GET /health HTTP/1.1\" 200 78 \"-\" \"-\"","service":"acquistions-api"}
{"level":"info","message":"::1 - - [12/Dec/2025:15:08:18 +0000] \"GET /health HTTP/1.1\" 200 78 \"-\" \"-\"","service":"acquistions-api"}
{"level":"info","message":"::1 - - [12/Dec/2025:15:08:48 +0000] \"GET /health HTTP/1.1\" 200 78 \"-\" \"-\"","service":"acquistions-api"}
{"level":"info","message":"::1 - - [12/Dec/2025:15:09:18 +0000] \"GET /health HTTP/1.1\" 200 78 \"-\" \"-\"","service":"acquistions-api"}
{"level":"info","message":"::1 - - [12/Dec/2025:15:09:49 +0000] \"GET /health HTTP/1.1\" 200 78 \"-\" \"-\"","service":"acquistions-api"}
{"level":"info","message":"::1 - - [12/Dec/2025:15:10:19 +0000] \"GET /health HTTP/1.1\" 200 78 \"-\" \"-\"","service":"acquistions-api"}
{"level":"info","message":"::1 - - [12/Dec/2025:15:10:49 +0000] \"GET /health HTTP/1.1\" 200 78 \"-\" \"-\"","service":"acquistions-api"}
{"level":"info","message":"::1 - - [12/Dec/2025:15:11:19 +0000] \"GET /health HTTP/1.1\" 200 78 \"-\" \"-\"","service":"acquistions-api"}
{"level":"info","message":"::1 - - [12/Dec/2025:15:11:49 +0000] \"GET /health HTTP/1.1\" 200 78 \"-\" \"-\"","service":"acquistions-api"}
{"level":"info","message":"::1 - - [12/Dec/2025:15:12:20 +0000] \"GET /health HTTP/1.1\" 200 78 \"-\" \"-\"","service":"acquistions-api"}
{"level":"info","message":"::1 - - [12/Dec/2025:15:12:50 +0000] \"GET /health HTTP/1.1\" 200 77 \"-\" \"-\"","service":"acquistions-api"}
{"level":"info","message":"::1 - - [12/Dec/2025:15:13:20 +0000] \"GET /health HTTP/1.1\" 200 78 \"-\" \"-\"","service":"acquistions-api"}
{"level":"info","message":"::1 - - [12/Dec/2025:15:13:50 +0000] \"GET /health HTTP/1.1\" 200 77 \"-\" \"-\"","service":"acquistions-api"}
{"level":"info","message":"::1 - - [12/Dec/2025:15:14:20 +0000] \"GET /health HTTP/1.1\" 200 78 \"-\" \"-\"","service":"acquistions-api"}
{"level":"info","message":"::1 - - [12/Dec/2025:15:14:51 +0000] \"GET /health HTTP/1.1\" 200 78 \"-\" \"-\"","service":"acquistions-api"}
{"level":"info","message":"::1 - - [12/Dec/2025:15:15:21 +0000] \"GET /health HTTP/1.1\" 200 78 \"-\" \"-\"","service":"acquistions-api"}
{"level":"info","message":"::1 - - [12/Dec/2025:15:15:51 +0000] \"GET /health HTTP/1.1\" 200 78 \"-\" \"-\"","service":"acquistions-api"}
{"level":"info","message":"::1 - - [12/Dec/2025:15:16:21 +0000] \"GET /health HTTP/1.1\" 200 78 \"-\" \"-\"","service":"acquistions-api"}
{"level":"info","message":"::1 - - [12/Dec/2025:15:16:51 +0000] \"GET /health HTTP/1.1\" 200 78 \"-\" \"-\"","service":"acquistions-api"}
{"level":"info","message":"::1 - - [12/Dec/2025:15:17:22 +0000] \"GET /health HTTP/1.1\" 200 78 \"-\" \"-\"","service":"acquistions-api"}
{"level":"info","message":"::1 - - [12/Dec/2025:15:17:52 +0000] \"GET /health HTTP/1.1\" 200 78 \"-\" \"-\"","service":"acquistions-api"}
{"level":"info","message":"::1 - - [12/Dec/2025:15:18:22 +0000] \"GET /health HTTP/1.1\" 200 77 \"-\" \"-\"","service":"acquistions-api"}
{"level":"info","message":"::1 - - [12/Dec/2025:15:18:52 +0000] \"GET /health HTTP/1.1\" 200 78 \"-\" \"-\"","service":"acquistions-api"}
{"level":"info","message":"::1 - - [12/Dec/2025:15:19:22 +0000] \"GET /health HTTP/1.1\" 200 78 \"-\" \"-\"","service":"acquistions-api"}
{"level":"info","message":"::1 - - [12/Dec/2025:15:19:53 +0000] \"GET /health HTTP/1.1\" 200 78 \"-\" \"-\"","service":"acquistions-api"}
{"level":"info","message":"::1 - - [12/Dec/2025:15:20:23 +0000] \"GET /health HTTP/1.1\" 200 78 \"-\" \"-\"","service":"acquistions-api"}
{"level":"info","message":"::1 - - [12/Dec/2025:15:20:53 +0000] \"GET /health HTTP/1.1\" 200 77 \"-\" \"-\"","service":"acquistions-api"}
{"level":"info","message":"::1 - - [12/Dec/2025:15:21:23 +0000] \"GET /health HTTP/1.1\" 200 78 \"-\" \"-\"","service":"acquistions-api"}
{"level":"info","message":"::1 - - [12/Dec/2025:15:21:53 +0000] \"GET /health HTTP/1.1\" 200 78 \"-\" \"-\"","service":"acquistions-api"}
{"level":"info","message":"::1 - - [12/Dec/2025:15:22:23 +0000] \"GET /health HTTP/1.1\" 200 78 \"-\" \"-\"","service":"acquistions-api"}
{"level":"info","message":"::1 - - [12/Dec/2025:15:22:54 +0000] \"GET /health HTTP/1.1\" 200 78 \"-\" \"-\"","service":"acquistions-api"}
{"level":"info","message":"::1 - - [12/Dec/2025:15:23:24 +0000] \"GET /health HTTP/1.1\" 200 77 \"-\" \"-\"","service":"acquistions-api"}
{"level":"info","message":"::1 - - [12/Dec/2025:15:23:54 +0000] \"GET /health HTTP/1.1\" 200 77 \"-\" \"-\"","service":"acquistions-api"}
{"level":"info","message":"::1 - - [12/Dec/2025:15:24:24 +0000] \"GET /health HTTP/1.1\" 200 77 \"-\" \"-\"","service":"acquistions-api"}
{"level":"info","message":"::1 - - [12/Dec/2025:15:24:54 +0000] \"GET /health HTTP/1.1\" 200 78 \"-\" \"-\"","service":"acquistions-api"}
{"level":"info","message":"::1 - - [12/Dec/2025:15:25:25 +0000] \"GET /health HTTP/1.1\" 200 78 \"-\" \"-\"","service":"acquistions-api"}
{"level":"info","message":"::1 - - [12/Dec/2025:15:25:55 +0000] \"GET /health HTTP/1.1\" 200 78 \"-\" \"-\"","service":"acquistions-api"}
{"level":"info","message":"::1 - - [12/Dec/2025:15:26:25 +0000] \"GET /health HTTP/1.1\" 200 78 \"-\" \"-\"","service":"acquistions-api"}
{"level":"info","message":"::1 - - [12/Dec/2025:15:26:55 +0000] \"GET /health HTTP/1.1\" 200 78 \"-\" \"-\"","service":"acquistions-api"}
{"level":"info","message":"::1 - - [12/Dec/2025:15:27:25 +0000] \"GET /health HTTP/1.1\" 200 78 \"-\" \"-\"","service":"acquistions-api"}
{"level":"info","message":"::1 - - [12/Dec/2025:15:27:56 +0000] \"GET /health HTTP/1.1\" 200 78 \"-\" \"-\"","service":"acquistions-api"}
{"level":"info","message":"::1 - - [12/Dec/2025:15:28:26 +0000] \"GET /health HTTP/1.1\" 200 78 \"-\" \"-\"","service":"acquistions-api"}
{"level":"info","message":"::1 - - [12/Dec/2025:15:28:56 +0000] \"GET /health HTTP/1.1\" 200 78 \"-\" \"-\"","service":"acquistions-api"}
{"level":"info","message":"::1 - - [12/Dec/2025:15:29:26 +0000] \"GET /health HTTP/1.1\" 200 77 \"-\" \"-\"","service":"acquistions-api"}
{"level":"info","message":"::1 - - [12/Dec/2025:15:29:56 +0000] \"GET /health HTTP/1.1\" 200 78 \"-\" \"-\"","service":"acquistions-api"}
{"level":"info","message":"::1 - - [12/Dec/2025:15:30:27 +0000] \"GET /health HTTP/1.1\" 200 78 \"-\" \"-\"","service":"acquistions-api"}
{"level":"info","message":"::1 - - [12/Dec/2025:15:30:57 +0000] \"GET /health HTTP/1.1\" 200 78 \"-\" \"-\"","service":"acquistions-api"}
{"level":"info","message":"::1 - - [12/Dec/2025:15:31:27 +0000] \"GET /health HTTP/1.1\" 200 78 \"-\" \"-\"","service":"acquistions-api"}
{"level":"info","message":"::1 - - [12/Dec/2025:15:31:57 +0000] \"GET /health HTTP/1.1\" 200 78 \"-\" \"-\"","service":"acquistions-api"}
{"level":"info","message":"::1 - - [12/Dec/2025:15:32:28 +0000] \"GET /health HTTP/1.1\" 200 77 \"-\" \"-\"","service":"acquistions-api"}
{"level":"info","message":"::1 - - [12/Dec/2025:15:32:58 +0000] \"GET /health HTTP/1.1\" 200 78 \"-\" \"-\"","service":"acquistions-api"}
{"level":"info","message":"::1 - - [12/Dec/2025:15:33:28 +0000] \"GET /health HTTP/1.1\" 200 78 \"-\" \"-\"","service":"acquistions-api"}
{"level":"info","message":"::1 - - [12/Dec/2025:15:33:58 +0000] \"GET /health HTTP/1.1\" 200 78 \"-\" \"-\"","service":"acquistions-api"}
{"level":"info","message":"::1 - - [12/Dec/2025:15:34:28 +0000] \"GET /health HTTP/1.1\" 200 77 \"-\" \"-\"","service":"acquistions-api"}
{"level":"info","message":"::1 - - [12/Dec/2025:15:34:59 +0000] \"GET /health HTTP/1.1\" 200 77 \"-\" \"-\"","service":"acquistions-api"}
{"level":"info","message":"::1 - - [12/Dec/2025:15:35:29 +0000] \"GET /health HTTP/1.1\" 200 78 \"-\" \"-\"","service":"acquistions-api"}
{"level":"info","message":"::1 - - [12/Dec/2025:15:35:59 +0000] \"GET /health HTTP/1.1\" 200 78 \"-\" \"-\"","service":"acquistions-api"}
{"level":"info","message":"::1 - - [12/Dec/2025:15:36:29 +0000] \"GET /health HTTP/1.1\" 200 78 \"-\" \"-\"","service":"acquistions-api"}
{"level":"info","message":"::1 - - [12/Dec/2025:15:36:59 +0000] \"GET /health HTTP/1.1\" 200 78 \"-\" \"-\"","service":"acquistions-api"}
{"level":"info","message":"::1 - - [12/Dec/2025:15:37:30 +0000] \"GET /health HTTP/1.1\" 200 78 \"-\" \"-\"","service":"acquistions-api"}
{"level":"info","message":"::1 - - [12/Dec/2025:15:38:00 +0000] \"GET /health HTTP/1.1\" 200 78 \"-\" \"-\"","service":"acquistions-api"}
{"level":"info","message":"::1 - - [12/Dec/2025:15:38:30 +0000] \"GET /health HTTP/1.1\" 200 78 \"-\" \"-\"","service":"acquistions-api"}
{"level":"info","message":"::1 - - [12/Dec/2025:15:39:00 +0000] \"GET /health HTTP/1.1\" 200 78 \"-\" \"-\"","service":"acquistions-api"}
{"level":"info","message":"::1 - - [12/Dec/2025:15:39:31 +0000] \"GET /health HTTP/1.1\" 200 78 \"-\" \"-\"","service":"acquistions-api"}
{"level":"info","message":"::1 - - [12/Dec/2025:15:40:01 +0000] \"GET /health HTTP/1.1\" 200 78 \"-\" \"-\"","service":"acquistions-api"}
{"level":"info","message":"::1 - - [12/Dec/2025:15:40:31 +0000] \"GET /health HTTP/1.1\" 200 78 \"-\" \"-\"","service":"acquistions-api"}
{"level":"info","message":"::1 - - [12/Dec/2025:15:41:01 +0000] \"GET /health HTTP/1.1\" 200 78 \"-\" \"-\"","service":"acquistions-api"}
{"level":"info","message":"::1 - - [12/Dec/2025:15:41:32 +0000] \"GET /health HTTP/1.1\" 200 78 \"-\" \"-\"","service":"acquistions-api"}
{"level":"info","message":"::1 - - [12/Dec/2025:15:42:02 +0000] \"GET /health HTTP/1.1\" 200 78 \"-\" \"-\"","service":"acquistions-api"}
{"level":"info","message":"::1 - - [12/Dec/2025:15:42:32 +0000] \"GET /health HTTP/1.1\" 200 77 \"-\" \"-\"","service":"acquistions-api"}
{"level":"info","message":"::1 - - [12/Dec/2025:15:43:02 +0000] \"GET /health HTTP/1.1\" 200 78 \"-\" \"-\"","service":"acquistions-api"}
{"level":"info","message":"::1 - - [12/Dec/2025:15:43:32 +0000] \"GET /health HTTP/1.1\" 200 78 \"-\" \"-\"","service":"acquistions-api"}
{"level":"info","message":"::1 - - [12/Dec/2025:15:44:03 +0000] \"GET /health HTTP/1.1\" 200 77 \"-\" \"-\"","service":"acquistions-api"}
{"level":"info","message":"::1 - - [12/Dec/2025:15:44:33 +0000] \"GET /health HTTP/1.1\" 200 78 \"-\" \"-\"","service":"acquistions-api"}
{"level":"info","message":"::1 - - [12/Dec/2025:15:45:03 +0000] \"GET /health HTTP/1.1\" 200 78 \"-\" \"-\"","service":"acquistions-api"}
{"level":"info","message":"::1 - - [12/Dec/2025:15:45:33 +0000] \"GET /health HTTP/1.1\" 200 78 \"-\" \"-\"","service":"acquistions-api"}
{"level":"info","message":"::1 - - [12/Dec/2025:15:46:04 +0000] \"GET /health HTTP/1.1\" 200 78 \"-\" \"-\"","service":"acquistions-api"}
{"level":"info","message":"::1 - - [12/Dec/2025:15:46:34 +0000] \"GET /health HTTP/1.1\" 200 78 \"-\" \"-\"","service":"acquistions-api"}
{"level":"info","message":"::1 - - [12/Dec/2025:15:47:04 +0000] \"GET /health HTTP/1.1\" 200 78 \"-\" \"-\"","service":"acquistions-api"}
{"level":"info","message":"::1 - - [12/Dec/2025:15:47:34 +0000] \"GET /health HTTP/1.1\" 200 78 \"-\" \"-\"","service":"acquistions-api"}
{"level":"info","message":"::1 - - [12/Dec/2025:15:48:04 +0000] \"GET /health HTTP/1.1\" 200 78 \"-\" \"-\"","service":"acquistions-api"}
{"level":"info","message":"::1 - - [12/Dec/2025:15:48:35 +0000] \"GET /health HTTP/1.1\" 200 78 \"-\" \"-\"","service":"acquistions-api"}
{"level":"info","message":"::1 - - [12/Dec/2025:15:49:05 +0000] \"GET /health HTTP/1.1\" 200 78 \"-\" \"-\"","service":"acquistions-api"}
{"level":"info","message":"::1 - - [12/Dec/2025:15:49:35 +0000] \"GET /health HTTP/1.1\" 200 78 \"-\" \"-\"","service":"acquistions-api"}
{"level":"info","message":"::1 - - [12/Dec/2025:15:50:05 +0000] \"GET /health HTTP/1.1\" 200 78 \"-\" \"-\"","service":"acquistions-api"}
{"level":"info","message":"::1 - - [12/Dec/2025:15:50:35 +0000] \"GET /health HTTP/1.1\" 200 78 \"-\" \"-\"","service":"acquistions-api"}
{"level":"info","message":"::1 - - [12/Dec/2025:15:51:06 +0000] \"GET /health HTTP/1.1\" 200 78 \"-\" \"-\"","service":"acquistions-api"}
{"level":"info","message":"::1 - - [12/Dec/2025:15:51:36 +0000] \"GET /health HTTP/1.1\" 200 75 \"-\" \"-\"","service":"acquistions-api"}
{"level":"info","message":"::1 - - [12/Dec/2025:15:52:06 +0000] \"GET /health HTTP/1.1\" 200 78 \"-\" \"-\"","service":"acquistions-api"}
{"level":"info","message":"::1 - - [12/Dec/2025:15:52:36 +0000] \"GET /health HTTP/1.1\" 200 76 \"-\" \"-\"","service":"acquistions-api"}
{"level":"info","message":"::1 - - [12/Dec/2025:15:53:06 +0000] \"GET /health HTTP/1.1\" 200 78 \"-\" \"-\"","service":"acquistions-api"}
{"level":"info","message":"::1 - - [12/Dec/2025:15:53:37 +0000] \"GET /health HTTP/1.1\" 200 78 \"-\" \"-\"","service":"acquistions-api"}
{"level":"info","message":"::1 - - [12/Dec/2025:15:54:07 +0000] \"GET /health HTTP/1.1\" 200 78 \"-\" \"-\"","service":"acquistions-api"}
{"level":"info","message":"::1 - - [12/Dec/2025:15:54:37 +0000] \"GET /health HTTP/1.1\" 200 78 \"-\" \"-\"","service":"acquistions-api"}
{"level":"info","message":"::1 - - [12/Dec/2025:15:55:07 +0000] \"GET /health HTTP/1.1\" 200 78 \"-\" \"-\"","service":"acquistions-api"}
{"level":"info","message":"::1 - - [12/Dec/2025:15:55:38 +0000] \"GET /health HTTP/1.1\" 200 78 \"-\" \"-\"","service":"acquistions-api"}
{"level":"info","message":"::1 - - [12/Dec/2025:15:56:08 +0000] \"GET /health HTTP/1.1\" 200 78 \"-\" \"-\"","service":"acquistions-api"}
{"level":"info","message":"::1 - - [12/Dec/2025:15:56:38 +0000] \"GET /health HTTP/1.1\" 200 78 \"-\" \"-\"","service":"acquistions-api"}
{"level":"info","message":"::1 - - [12/Dec/2025:15:57:08 +0000] \"GET /health HTTP/1.1\" 200 78 \"-\" \"-\"","service":"acquistions-api"}
{"level":"info","message":"::1 - - [12/Dec/2025:15:57:38 +0000] \"GET /health HTTP/1.1\" 200 78 \"-\" \"-\"","service":"acquistions-api"}
{"level":"info","message":"::1 - - [12/Dec/2025:15:58:09 +0000] \"GET /health HTTP/1.1\" 200 78 \"-\" \"-\"","service":"acquistions-api"}
{"level":"info","message":"::1 - - [12/Dec/2025:15:58:39 +0000] \"GET /health HTTP/1.1\" 200 78 \"-\" \"-\"","service":"acquistions-api"}
{"level":"info","message":"::1 - - [12/Dec/2025:15:59:09 +0000] \"GET /health HTTP/1.1\" 200 78 \"-\" \"-\"","service":"acquistions-api"}
{"level":"info","message":"::1 - - [12/Dec/2025:15:59:39 +0000] \"GET /health HTTP/1.1\" 200 78 \"-\" \"-\"","service":"acquistions-api"}
{"level":"info","message":"::1 - - [12/Dec/2025:16:00:09 +0000] \"GET /health HTTP/1.1\" 200 78 \"-\" \"-\"","service":"acquistions-api"}
{"level":"info","message":"::1 - - [12/Dec/2025:16:00:40 +0000] \"GET /health HTTP/1.1\" 200 78 \"-\" \"-\"","service":"acquistions-api"}
{"level":"info","message":"::1 - - [12/Dec/2025:16:01:10 +0000] \"GET /health HTTP/1.1\" 200 77 \"-\" \"-\"","service":"acquistions-api"}
{"level":"info","message":"::1 - - [12/Dec/2025:16:01:40 +0000] \"GET /health HTTP/1.1\" 200 78 \"-\" \"-\"","service":"acquistions-api"}
{"level":"info","message":"::1 - - [12/Dec/2025:16:02:10 +0000] \"GET /health HTTP/1.1\" 200 78 \"-\" \"-\"","service":"acquistions-api"}
{"level":"info","message":"::1 - - [12/Dec/2025:16:02:40 +0000] \"GET /health HTTP/1.1\" 200 78 \"-\" \"-\"","service":"acquistions-api"}
{"level":"info","message":"::1 - - [12/Dec/2025:16:03:11 +0000] \"GET /health HTTP/1.1\" 200 78 \"-\" \"-\"","service":"acquistions-api"}
{"level":"info","message":"::1 - - [12/Dec/2025:16:03:41 +0000] \"GET /health HTTP/1.1\" 200 78 \"-\" \"-\"","service":"acquistions-api"}
{"level":"info","message":"::1 - - [12/Dec/2025:16:04:11 +0000] \"GET /health HTTP/1.1\" 200 78 \"-\" \"-\"","service":"acquistions-api"}
{"level":"info","message":"::1 - - [12/Dec/2025:16:04:41 +0000] \"GET /health HTTP/1.1\" 200 78 \"-\" \"-\"","service":"acquistions-api"}
{"level":"info","message":"::1 - - [12/Dec/2025:16:05:11 +0000] \"GET /health HTTP/1.1\" 200 78 \"-\" \"-\"","service":"acquistions-api"}
{"level":"info","message":"::1 - - [12/Dec/2025:16:05:42 +0000] \"GET /health HTTP/1.1\" 200 78 \"-\" \"-\"","service":"acquistions-api"}
{"level":"info","message":"::1 - - [12/Dec/2025:16:06:12 +0000] \"GET /health HTTP/1.1\" 200 77 \"-\" \"-\"","service":"acquistions-api"}
{"level":"info","message":"::1 - - [12/Dec/2025:16:06:42 +0000] \"GET /health HTTP/1.1\" 200 78 \"-\" \"-\"","service":"acquistions-api"}
{"level":"info","message":"::1 - - [12/Dec/2025:16:07:12 +0000] \"GET /health HTTP/1.1\" 200 78 \"-\" \"-\"","service":"acquistions-api"}
{"level":"info","message":"::1 - - [12/Dec/2025:16:07:43 +0000] \"GET /health HTTP/1.1\" 200 77 \"-\" \"-\"","service":"acquistions-api"}
{"level":"info","message":"::1 - - [12/Dec/2025:16:08:13 +0000] \"GET /health HTTP/1.1\" 200 78 \"-\" \"-\"","service":"acquistions-api"}
{"level":"info","message":"::1 - - [12/Dec/2025:16:08:43 +0000] \"GET /health HTTP/1.1\" 200 78 \"-\" \"-\"","service":"acquistions-api"}
{"level":"info","message":"::1 - - [12/Dec/2025:16:09:13 +0000] \"GET /health HTTP/1.1\" 200 78 \"-\" \"-\"","service":"acquistions-api"}
{"level":"info","message":"::1 - - [12/Dec/2025:16:09:43 +0000] \"GET /health HTTP/1.1\" 200 78 \"-\" \"-\"","service":"acquistions-api"}
{"level":"info","message":"::1 - - [12/Dec/2025:16:10:14 +0000] \"GET /health HTTP/1.1\" 200 78 \"-\" \"-\"","service":"acquistions-api"}
{"level":"info","message":"::1 - - [12/Dec/2025:16:10:44 +0000] \"GET /health HTTP/1.1\" 200 78 \"-\" \"-\"","service":"acquistions-api"}
{"level":"info","message":"::1 - - [12/Dec/2025:16:11:14 +0000] \"GET /health HTTP/1.1\" 200 76 \"-\" \"-\"","service":"acquistions-api"}
{"level":"info","message":"::1 - - [12/Dec/2025:16:11:44 +0000] \"GET /health HTTP/1.1\" 200 78 \"-\" \"-\"","service":"acquistions-api"}
{"level":"info","message":"::1 - - [12/Dec/2025:16:12:14 +0000] \"GET /health HTTP/1.1\" 200 78 \"-\" \"-\"","service":"acquistions-api"}
{"level":"info","message":"::1 - - [12/Dec/2025:16:12:45 +0000] \"GET /health HTTP/1.1\" 200 78 \"-\" \"-\"","service":"acquistions-api"}
{"level":"info","message":"::1 - - [12/Dec/2025:16:13:15 +0000] \"GET /health HTTP/1.1\" 200 78 \"-\" \"-\"","service":"acquistions-api"}
{"level":"info","message":"::1 - - [12/Dec/2025:16:13:45 +0000] \"GET /health HTTP/1.1\" 200 78 \"-\" \"-\"","service":"acquistions-api"}
{"level":"info","message":"::1 - - [12/Dec/2025:16:14:15 +0000] \"GET /health HTTP/1.1\" 200 78 \"-\" \"-\"","service":"acquistions-api"}
{"level":"info","message":"::1 - - [12/Dec/2025:16:14:45 +0000] \"GET /health HTTP/1.1\" 200 78 \"-\" \"-\"","service":"acquistions-api"}
{"level":"info","message":"::1 - - [12/Dec/2025:16:15:16 +0000] \"GET /health HTTP/1.1\" 200 78 \"-\" \"-\"","service":"acquistions-api"}
{"level":"info","message":"::1 - - [12/Dec/2025:16:15:46 +0000] \"GET /health HTTP/1.1\" 200 78 \"-\" \"-\"","service":"acquistions-api"}
{"level":"info","message":"::1 - - [12/Dec/2025:16:16:16 +0000] \"GET /health HTTP/1.1\" 200 78 \"-\" \"-\"","service":"acquistions-api"}
{"level":"info","message":"::1 - - [12/Dec/2025:16:16:46 +0000] \"GET /health HTTP/1.1\" 200 78 \"-\" \"-\"","service":"acquistions-api"}
{"level":"info","message":"::1 - - [12/Dec/2025:16:17:16 +0000] \"GET /health HTTP/1.1\" 200 78 \"-\" \"-\"","service":"acquistions-api"}
{"level":"info","message":"::1 - - [12/Dec/2025:16:17:47 +0000] \"GET /health HTTP/1.1\" 200 77 \"-\" \"-\"","service":"acquistions-api"}
{"level":"info","message":"::1 - - [12/Dec/2025:16:18:17 +0000] \"GET /health HTTP/1.1\" 200 78 \"-\" \"-\"","service":"acquistions-api"}
{"level":"info","message":"::1 - - [12/Dec/2025:16:18:47 +0000] \"GET /health HTTP/1.1\" 200 78 \"-\" \"-\"","service":"acquistions-api"}
{"level":"info","message":"::1 - - [12/Dec/2025:16:19:17 +0000] \"GET /health HTTP/1.1\" 200 78 \"-\" \"-\"","service":"acquistions-api"}
{"level":"info","message":"::1 - - [12/Dec/2025:16:19:47 +0000] \"GET /health HTTP/1.1\" 200 78 \"-\" \"-\"","service":"acquistions-api"}
{"level":"info","message":"::1 - - [12/Dec/2025:16:20:18 +0000] \"GET /health HTTP/1.1\" 200 78 \"-\" \"-\"","service":"acquistions-api"}
{"level":"info","message":"::1 - - [12/Dec/2025:16:20:48 +0000] \"GET /health HTTP/1.1\" 200 78 \"-\" \"-\"","service":"acquistions-api"}
{"level":"info","message":"::1 - - [12/Dec/2025:16:21:18 +0000] \"GET /health HTTP/1.1\" 200 78 \"-\" \"-\"","service":"acquistions-api"}
{"level":"info","message":"::1 - - [12/Dec/2025:16:21:48 +0000] \"GET /health HTTP/1.1\" 200 77 \"-\" \"-\"","service":"acquistions-api"}
{"level":"info","message":"::1 - - [12/Dec/2025:16:22:18 +0000] \"GET /health HTTP/1.1\" 200 78 \"-\" \"-\"","service":"acquistions-api"}
{"level":"info","message":"::1 - - [12/Dec/2025:16:22:49 +0000] \"GET /health HTTP/1.1\" 200 78 \"-\" \"-\"","service":"acquistions-api"}
{"level":"info","message":"::1 - - [12/Dec/2025:16:23:19 +0000] \"GET /health HTTP/1.1\" 200 78 \"-\" \"-\"","service":"acquistions-api"}
{"level":"info","message":"::1 - - [12/Dec/2025:16:23:49 +0000] \"GET /health HTTP/1.1\" 200 78 \"-\" \"-\"","service":"acquistions-api"}
{"level":"info","message":"::1 - - [12/Dec/2025:16:24:19 +0000] \"GET /health HTTP/1.1\" 200 78 \"-\" \"-\"","service":"acquistions-api"}
{"level":"info","message":"::1 - - [12/Dec/2025:16:24:49 +0000] \"GET /health HTTP/1.1\" 200 78 \"-\" \"-\"","service":"acquistions-api"}
{"level":"info","message":"::1 - - [12/Dec/2025:16:25:20 +0000] \"GET /health HTTP/1.1\" 200 78 \"-\" \"-\"","service":"acquistions-api"}
{"level":"info","message":"::1 - - [12/Dec/2025:16:25:50 +0000] \"GET /health HTTP/1.1\" 200 78 \"-\" \"-\"","service":"acquistions-api"}
{"level":"info","message":"::1 - - [12/Dec/2025:16:26:20 +0000] \"GET /health HTTP/1.1\" 200 78 \"-\" \"-\"","service":"acquistions-api"}
{"level":"info","message":"::1 - - [12/Dec/2025:16:26:50 +0000] \"GET /health HTTP/1.1\" 200 78 \"-\" \"-\"","service":"acquistions-api"}
{"level":"info","message":"::1 - - [12/Dec/2025:16:27:20 +0000] \"GET /health HTTP/1.1\" 200 78 \"-\" \"-\"","service":"acquistions-api"}
{"level":"info","message":"::1 - - [12/Dec/2025:16:27:51 +0000] \"GET /health HTTP/1.1\" 200 78 \"-\" \"-\"","service":"acquistions-api"}
{"level":"info","message":"::1 - - [12/Dec/2025:16:28:21 +0000] \"GET /health HTTP/1.1\" 200 78 \"-\" \"-\"","service":"acquistions-api"}
{"level":"info","message":"::1 - - [12/Dec/2025:16:28:51 +0000] \"GET /health HTTP/1.1\" 200 78 \"-\" \"-\"","service":"acquistions-api"}
{"level":"info","message":"::1 - - [12/Dec/2025:16:29:21 +0000] \"GET /health HTTP/1.1\" 200 78 \"-\" \"-\"","service":"acquistions-api"}
{"level":"info","message":"::1 - - [12/Dec/2025:16:29:51 +0000] \"GET /health HTTP/1.1\" 200 78 \"-\" \"-\"","service":"acquistions-api"}
{"level":"info","message":"::1 - - [12/Dec/2025:16:30:22 +0000] \"GET /health HTTP/1.1\" 200 78 \"-\" \"-\"","service":"acquistions-api"}
{"level":"info","message":"::1 - - [12/Dec/2025:16:30:52 +0000] \"GET /health HTTP/1.1\" 200 78 \"-\" \"-\"","service":"acquistions-api"}
{"level":"info","message":"::1 - - [12/Dec/2025:16:31:22 +0000] \"GET /health HTTP/1.1\" 200 78 \"-\" \"-\"","service":"acquistions-api"}
{"level":"info","message":"::1 - - [12/Dec/2025:16:31:52 +0000] \"GET /health HTTP/1.1\" 200 78 \"-\" \"-\"","service":"acquistions-api"}
{"level":"info","message":"::1 - - [12/Dec/2025:16:32:23 +0000] \"GET /health HTTP/1.1\" 200 78 \"-\" \"-\"","service":"acquistions-api"}
{"level":"info","message":"::1 - - [12/Dec/2025:16:32:53 +0000] \"GET /health HTTP/1.1\" 200 78 \"-\" \"-\"","service":"acquistions-api"}
{"level":"info","message":"::1 - - [12/Dec/2025:16:33:23 +0000] \"GET /health HTTP/1.1\" 200 78 \"-\" \"-\"","service":"acquistions-api"}
{"level":"info","message":"::1 - - [12/Dec/2025:16:33:53 +0000] \"GET /health HTTP/1.1\" 200 78 \"-\" \"-\"","service":"acquistions-api"}
{"level":"info","message":"::1 - - [12/Dec/2025:16:34:23 +0000] \"GET /health HTTP/1.1\" 200 77 \"-\" \"-\"","service":"acquistions-api"}
{"level":"info","message":"::1 - - [12/Dec/2025:16:34:54 +0000] \"GET /health HTTP/1.1\" 200 78 \"-\" \"-\"","service":"acquistions-api"}
{"level":"info","message":"::1 - - [12/Dec/2025:16:39:55 +0000] \"GET /health HTTP/1.1\" 200 74 \"-\" \"-\"","service":"acquistions-api"}
{"level":"info","message":"Hello from Acquisitions!","service":"acquistions-api"}
{"level":"info","message":"::ffff:172.19.0.1 - - [12/Dec/2025:16:39:57 +0000] \"GET / HTTP/1.1\" 304 - \"-\" \"Mozilla/5.0 (Windows NT 10.0; Win64; x64) AppleWebKit/537.36 (KHTML, like Gecko) Chrome/143.0.0.0 Safari/537.36\"","service":"acquistions-api"}
{"level":"info","message":"Getting users...","service":"acquistions-api"}
{"level":"info","message":"::ffff:172.19.0.1 - - [12/Dec/2025:16:40:02 +0000] \"GET /api/users HTTP/1.1\" 304 - \"-\" \"Mozilla/5.0 (Windows NT 10.0; Win64; x64) AppleWebKit/537.36 (KHTML, like Gecko) Chrome/143.0.0.0 Safari/537.36\"","service":"acquistions-api"}
{"level":"info","message":"Getting user by id: 1","service":"acquistions-api"}
{"level":"info","message":"User contact@gmail.com retrieved successfully","service":"acquistions-api"}
{"level":"info","message":"::ffff:172.19.0.1 - - [12/Dec/2025:16:40:11 +0000] \"GET /api/users/1 HTTP/1.1\" 200 195 \"-\" \"Mozilla/5.0 (Windows NT 10.0; Win64; x64) AppleWebKit/537.36 (KHTML, like Gecko) Chrome/143.0.0.0 Safari/537.36\"","service":"acquistions-api"}
{"level":"info","message":"::1 - - [12/Dec/2025:16:40:25 +0000] \"GET /health HTTP/1.1\" 200 76 \"-\" \"-\"","service":"acquistions-api"}
{"level":"info","message":"::1 - - [12/Dec/2025:16:40:55 +0000] \"GET /health HTTP/1.1\" 200 76 \"-\" \"-\"","service":"acquistions-api"}
{"level":"info","message":"Getting users...","service":"acquistions-api"}
{"level":"info","message":"::ffff:172.19.0.1 - - [12/Dec/2025:16:41:05 +0000] \"GET /api/users HTTP/1.1\" 200 209 \"-\" \"HTTPie\"","service":"acquistions-api"}
{"level":"info","message":"::1 - - [12/Dec/2025:16:41:26 +0000] \"GET /health HTTP/1.1\" 200 76 \"-\" \"-\"","service":"acquistions-api"}
{"level":"info","message":"::1 - - [12/Dec/2025:16:41:56 +0000] \"GET /health HTTP/1.1\" 200 77 \"-\" \"-\"","service":"acquistions-api"}
{"level":"info","message":"::1 - - [12/Dec/2025:16:42:26 +0000] \"GET /health HTTP/1.1\" 200 76 \"-\" \"-\"","service":"acquistions-api"}
{"level":"info","message":"Updating user by id: 1","service":"acquistions-api"}
{"level":"info","message":"User 1 updated successfully","service":"acquistions-api"}
{"level":"info","message":"User 1 updated successfully","service":"acquistions-api"}
{"level":"info","message":"::ffff:172.19.0.1 - - [12/Dec/2025:16:42:28 +0000] \"PUT /api/users/1 HTTP/1.1\" 200 206 \"-\" \"HTTPie\"","service":"acquistions-api"}
{"level":"info","message":"Getting user by id: 1","service":"acquistions-api"}
{"level":"info","message":"User newemail123@gmail.com retrieved successfully","service":"acquistions-api"}
{"level":"info","message":"::ffff:172.19.0.1 - - [12/Dec/2025:16:42:38 +0000] \"GET /api/users/1 HTTP/1.1\" 200 208 \"-\" \"HTTPie\"","service":"acquistions-api"}
{"level":"info","message":"::1 - - [12/Dec/2025:16:42:56 +0000] \"GET /health HTTP/1.1\" 200 77 \"-\" \"-\"","service":"acquistions-api"}
{"level":"info","message":"::1 - - [12/Dec/2025:16:43:26 +0000] \"GET /health HTTP/1.1\" 200 77 \"-\" \"-\"","service":"acquistions-api"}
{"level":"info","message":"::1 - - [12/Dec/2025:16:43:57 +0000] \"GET /health HTTP/1.1\" 200 77 \"-\" \"-\"","service":"acquistions-api"}
{"level":"info","message":"::1 - - [12/Dec/2025:16:44:27 +0000] \"GET /health HTTP/1.1\" 200 76 \"-\" \"-\"","service":"acquistions-api"}
{"level":"info","message":"::1 - - [12/Dec/2025:16:44:57 +0000] \"GET /health HTTP/1.1\" 200 77 \"-\" \"-\"","service":"acquistions-api"}
{"level":"info","message":"::1 - - [12/Dec/2025:16:45:27 +0000] \"GET /health HTTP/1.1\" 200 77 \"-\" \"-\"","service":"acquistions-api"}
{"level":"info","message":"::1 - - [12/Dec/2025:16:45:58 +0000] \"GET /health HTTP/1.1\" 200 77 \"-\" \"-\"","service":"acquistions-api"}
{"level":"info","message":"::1 - - [12/Dec/2025:16:46:28 +0000] \"GET /health HTTP/1.1\" 200 77 \"-\" \"-\"","service":"acquistions-api"}
{"level":"info","message":"::1 - - [12/Dec/2025:16:46:58 +0000] \"GET /health HTTP/1.1\" 200 76 \"-\" \"-\"","service":"acquistions-api"}
{"level":"info","message":"::1 - - [12/Dec/2025:16:47:28 +0000] \"GET /health HTTP/1.1\" 200 77 \"-\" \"-\"","service":"acquistions-api"}
{"level":"info","message":"::1 - - [12/Dec/2025:16:47:58 +0000] \"GET /health HTTP/1.1\" 200 77 \"-\" \"-\"","service":"acquistions-api"}
{"level":"info","message":"::1 - - [12/Dec/2025:16:48:29 +0000] \"GET /health HTTP/1.1\" 200 77 \"-\" \"-\"","service":"acquistions-api"}
{"level":"info","message":"::1 - - [12/Dec/2025:16:48:59 +0000] \"GET /health HTTP/1.1\" 200 77 \"-\" \"-\"","service":"acquistions-api"}
{"level":"info","message":"::1 - - [12/Dec/2025:16:49:29 +0000] \"GET /health HTTP/1.1\" 200 77 \"-\" \"-\"","service":"acquistions-api"}
{"level":"info","message":"::1 - - [12/Dec/2025:16:49:59 +0000] \"GET /health HTTP/1.1\" 200 76 \"-\" \"-\"","service":"acquistions-api"}
{"level":"info","message":"::1 - - [12/Dec/2025:16:50:29 +0000] \"GET /health HTTP/1.1\" 200 77 \"-\" \"-\"","service":"acquistions-api"}
{"level":"info","message":"::1 - - [12/Dec/2025:16:51:00 +0000] \"GET /health HTTP/1.1\" 200 77 \"-\" \"-\"","service":"acquistions-api"}
{"level":"info","message":"::1 - - [12/Dec/2025:16:51:30 +0000] \"GET /health HTTP/1.1\" 200 77 \"-\" \"-\"","service":"acquistions-api"}
{"level":"info","message":"::1 - - [12/Dec/2025:16:52:00 +0000] \"GET /health HTTP/1.1\" 200 76 \"-\" \"-\"","service":"acquistions-api"}
{"level":"info","message":"::1 - - [12/Dec/2025:16:52:30 +0000] \"GET /health HTTP/1.1\" 200 77 \"-\" \"-\"","service":"acquistions-api"}
{"level":"info","message":"::1 - - [12/Dec/2025:16:53:01 +0000] \"GET /health HTTP/1.1\" 200 76 \"-\" \"-\"","service":"acquistions-api"}
{"level":"info","message":"::1 - - [12/Dec/2025:16:53:31 +0000] \"GET /health HTTP/1.1\" 200 77 \"-\" \"-\"","service":"acquistions-api"}
{"level":"info","message":"::1 - - [12/Dec/2025:16:54:01 +0000] \"GET /health HTTP/1.1\" 200 77 \"-\" \"-\"","service":"acquistions-api"}
{"level":"info","message":"::1 - - [12/Dec/2025:16:54:31 +0000] \"GET /health HTTP/1.1\" 200 77 \"-\" \"-\"","service":"acquistions-api"}
{"level":"info","message":"::1 - - [12/Dec/2025:16:55:02 +0000] \"GET /health HTTP/1.1\" 200 77 \"-\" \"-\"","service":"acquistions-api"}
{"level":"info","message":"::1 - - [12/Dec/2025:16:55:32 +0000] \"GET /health HTTP/1.1\" 200 77 \"-\" \"-\"","service":"acquistions-api"}
{"level":"info","message":"::1 - - [12/Dec/2025:16:56:02 +0000] \"GET /health HTTP/1.1\" 200 77 \"-\" \"-\"","service":"acquistions-api"}
{"level":"info","message":"::1 - - [12/Dec/2025:16:56:32 +0000] \"GET /health HTTP/1.1\" 200 78 \"-\" \"-\"","service":"acquistions-api"}
{"level":"info","message":"::1 - - [12/Dec/2025:16:57:02 +0000] \"GET /health HTTP/1.1\" 200 78 \"-\" \"-\"","service":"acquistions-api"}
{"level":"info","message":"::1 - - [12/Dec/2025:16:57:33 +0000] \"GET /health HTTP/1.1\" 200 78 \"-\" \"-\"","service":"acquistions-api"}
{"level":"info","message":"::1 - - [12/Dec/2025:16:58:03 +0000] \"GET /health HTTP/1.1\" 200 78 \"-\" \"-\"","service":"acquistions-api"}
{"level":"info","message":"::1 - - [12/Dec/2025:16:58:33 +0000] \"GET /health HTTP/1.1\" 200 77 \"-\" \"-\"","service":"acquistions-api"}
{"level":"info","message":"::1 - - [12/Dec/2025:16:59:03 +0000] \"GET /health HTTP/1.1\" 200 78 \"-\" \"-\"","service":"acquistions-api"}
{"level":"info","message":"::1 - - [12/Dec/2025:16:59:33 +0000] \"GET /health HTTP/1.1\" 200 78 \"-\" \"-\"","service":"acquistions-api"}
{"level":"info","message":"::1 - - [12/Dec/2025:17:00:04 +0000] \"GET /health HTTP/1.1\" 200 78 \"-\" \"-\"","service":"acquistions-api"}
{"level":"info","message":"::1 - - [12/Dec/2025:17:00:34 +0000] \"GET /health HTTP/1.1\" 200 78 \"-\" \"-\"","service":"acquistions-api"}
{"level":"info","message":"::1 - - [12/Dec/2025:17:01:04 +0000] \"GET /health HTTP/1.1\" 200 78 \"-\" \"-\"","service":"acquistions-api"}
{"level":"info","message":"::1 - - [12/Dec/2025:17:01:34 +0000] \"GET /health HTTP/1.1\" 200 77 \"-\" \"-\"","service":"acquistions-api"}
{"level":"info","message":"::1 - - [12/Dec/2025:17:02:05 +0000] \"GET /health HTTP/1.1\" 200 78 \"-\" \"-\"","service":"acquistions-api"}
{"level":"info","message":"::1 - - [12/Dec/2025:17:02:35 +0000] \"GET /health HTTP/1.1\" 200 78 \"-\" \"-\"","service":"acquistions-api"}
{"level":"info","message":"::1 - - [12/Dec/2025:17:03:05 +0000] \"GET /health HTTP/1.1\" 200 78 \"-\" \"-\"","service":"acquistions-api"}
{"level":"info","message":"::1 - - [12/Dec/2025:17:03:35 +0000] \"GET /health HTTP/1.1\" 200 78 \"-\" \"-\"","service":"acquistions-api"}
{"level":"info","message":"::1 - - [12/Dec/2025:17:04:05 +0000] \"GET /health HTTP/1.1\" 200 78 \"-\" \"-\"","service":"acquistions-api"}
{"level":"info","message":"::1 - - [12/Dec/2025:17:04:36 +0000] \"GET /health HTTP/1.1\" 200 78 \"-\" \"-\"","service":"acquistions-api"}
{"level":"info","message":"::1 - - [12/Dec/2025:17:05:06 +0000] \"GET /health HTTP/1.1\" 200 78 \"-\" \"-\"","service":"acquistions-api"}
{"level":"info","message":"::1 - - [12/Dec/2025:17:05:36 +0000] \"GET /health HTTP/1.1\" 200 78 \"-\" \"-\"","service":"acquistions-api"}
{"level":"info","message":"::1 - - [12/Dec/2025:17:06:06 +0000] \"GET /health HTTP/1.1\" 200 78 \"-\" \"-\"","service":"acquistions-api"}
{"level":"info","message":"::1 - - [12/Dec/2025:17:06:36 +0000] \"GET /health HTTP/1.1\" 200 78 \"-\" \"-\"","service":"acquistions-api"}
{"level":"info","message":"::1 - - [12/Dec/2025:17:07:07 +0000] \"GET /health HTTP/1.1\" 200 78 \"-\" \"-\"","service":"acquistions-api"}
{"level":"info","message":"::1 - - [12/Dec/2025:17:07:37 +0000] \"GET /health HTTP/1.1\" 200 77 \"-\" \"-\"","service":"acquistions-api"}
{"level":"info","message":"::1 - - [12/Dec/2025:17:08:07 +0000] \"GET /health HTTP/1.1\" 200 77 \"-\" \"-\"","service":"acquistions-api"}
{"level":"info","message":"::1 - - [12/Dec/2025:17:08:37 +0000] \"GET /health HTTP/1.1\" 200 78 \"-\" \"-\"","service":"acquistions-api"}
{"level":"info","message":"::1 - - [12/Dec/2025:17:09:07 +0000] \"GET /health HTTP/1.1\" 200 78 \"-\" \"-\"","service":"acquistions-api"}
{"level":"info","message":"::1 - - [12/Dec/2025:17:09:38 +0000] \"GET /health HTTP/1.1\" 200 78 \"-\" \"-\"","service":"acquistions-api"}
{"level":"info","message":"::1 - - [12/Dec/2025:17:10:08 +0000] \"GET /health HTTP/1.1\" 200 78 \"-\" \"-\"","service":"acquistions-api"}
{"level":"info","message":"::1 - - [12/Dec/2025:17:10:38 +0000] \"GET /health HTTP/1.1\" 200 78 \"-\" \"-\"","service":"acquistions-api"}
{"level":"info","message":"::1 - - [12/Dec/2025:17:11:08 +0000] \"GET /health HTTP/1.1\" 200 78 \"-\" \"-\"","service":"acquistions-api"}
{"level":"info","message":"::1 - - [12/Dec/2025:17:11:38 +0000] \"GET /health HTTP/1.1\" 200 78 \"-\" \"-\"","service":"acquistions-api"}
{"level":"info","message":"::1 - - [12/Dec/2025:17:12:09 +0000] \"GET /health HTTP/1.1\" 200 78 \"-\" \"-\"","service":"acquistions-api"}
{"level":"info","message":"::1 - - [12/Dec/2025:17:12:39 +0000] \"GET /health HTTP/1.1\" 200 78 \"-\" \"-\"","service":"acquistions-api"}
{"level":"info","message":"::1 - - [12/Dec/2025:17:13:09 +0000] \"GET /health HTTP/1.1\" 200 78 \"-\" \"-\"","service":"acquistions-api"}
{"level":"info","message":"::1 - - [12/Dec/2025:17:13:39 +0000] \"GET /health HTTP/1.1\" 200 78 \"-\" \"-\"","service":"acquistions-api"}
{"level":"info","message":"::1 - - [12/Dec/2025:17:14:10 +0000] \"GET /health HTTP/1.1\" 200 78 \"-\" \"-\"","service":"acquistions-api"}
{"level":"info","message":"::1 - - [12/Dec/2025:17:14:40 +0000] \"GET /health HTTP/1.1\" 200 78 \"-\" \"-\"","service":"acquistions-api"}
{"level":"info","message":"::1 - - [12/Dec/2025:17:15:10 +0000] \"GET /health HTTP/1.1\" 200 78 \"-\" \"-\"","service":"acquistions-api"}
{"level":"info","message":"::1 - - [12/Dec/2025:17:15:40 +0000] \"GET /health HTTP/1.1\" 200 78 \"-\" \"-\"","service":"acquistions-api"}
{"level":"info","message":"::1 - - [12/Dec/2025:17:16:10 +0000] \"GET /health HTTP/1.1\" 200 78 \"-\" \"-\"","service":"acquistions-api"}
{"level":"info","message":"::1 - - [12/Dec/2025:17:16:41 +0000] \"GET /health HTTP/1.1\" 200 78 \"-\" \"-\"","service":"acquistions-api"}
{"level":"info","message":"::1 - - [12/Dec/2025:17:17:11 +0000] \"GET /health HTTP/1.1\" 200 78 \"-\" \"-\"","service":"acquistions-api"}
{"level":"info","message":"::1 - - [12/Dec/2025:17:17:41 +0000] \"GET /health HTTP/1.1\" 200 78 \"-\" \"-\"","service":"acquistions-api"}
{"level":"info","message":"::1 - - [12/Dec/2025:17:18:11 +0000] \"GET /health HTTP/1.1\" 200 78 \"-\" \"-\"","service":"acquistions-api"}
{"level":"info","message":"::1 - - [12/Dec/2025:17:18:41 +0000] \"GET /health HTTP/1.1\" 200 78 \"-\" \"-\"","service":"acquistions-api"}
{"level":"info","message":"::1 - - [12/Dec/2025:17:19:12 +0000] \"GET /health HTTP/1.1\" 200 78 \"-\" \"-\"","service":"acquistions-api"}
{"level":"info","message":"::1 - - [12/Dec/2025:17:19:42 +0000] \"GET /health HTTP/1.1\" 200 78 \"-\" \"-\"","service":"acquistions-api"}
{"level":"info","message":"::1 - - [12/Dec/2025:17:20:12 +0000] \"GET /health HTTP/1.1\" 200 78 \"-\" \"-\"","service":"acquistions-api"}
{"level":"info","message":"::1 - - [12/Dec/2025:17:20:42 +0000] \"GET /health HTTP/1.1\" 200 77 \"-\" \"-\"","service":"acquistions-api"}
{"level":"info","message":"::1 - - [12/Dec/2025:17:21:12 +0000] \"GET /health HTTP/1.1\" 200 78 \"-\" \"-\"","service":"acquistions-api"}
{"level":"info","message":"::1 - - [12/Dec/2025:17:21:43 +0000] \"GET /health HTTP/1.1\" 200 78 \"-\" \"-\"","service":"acquistions-api"}
{"level":"info","message":"::1 - - [12/Dec/2025:17:22:13 +0000] \"GET /health HTTP/1.1\" 200 78 \"-\" \"-\"","service":"acquistions-api"}
{"level":"info","message":"::1 - - [12/Dec/2025:17:22:43 +0000] \"GET /health HTTP/1.1\" 200 78 \"-\" \"-\"","service":"acquistions-api"}
{"level":"info","message":"::1 - - [12/Dec/2025:17:23:16 +0000] \"GET /health HTTP/1.1\" 200 78 \"-\" \"-\"","service":"acquistions-api"}
{"level":"info","message":"::1 - - [12/Dec/2025:17:23:46 +0000] \"GET /health HTTP/1.1\" 200 78 \"-\" \"-\"","service":"acquistions-api"}
{"level":"info","message":"::1 - - [12/Dec/2025:17:24:16 +0000] \"GET /health HTTP/1.1\" 200 76 \"-\" \"-\"","service":"acquistions-api"}
{"level":"info","message":"::1 - - [12/Dec/2025:17:24:47 +0000] \"GET /health HTTP/1.1\" 200 78 \"-\" \"-\"","service":"acquistions-api"}
{"level":"info","message":"::1 - - [12/Dec/2025:17:25:17 +0000] \"GET /health HTTP/1.1\" 200 78 \"-\" \"-\"","service":"acquistions-api"}
{"level":"info","message":"::1 - - [12/Dec/2025:17:25:47 +0000] \"GET /health HTTP/1.1\" 200 78 \"-\" \"-\"","service":"acquistions-api"}
{"level":"info","message":"::1 - - [12/Dec/2025:17:26:17 +0000] \"GET /health HTTP/1.1\" 200 78 \"-\" \"-\"","service":"acquistions-api"}
{"level":"info","message":"::1 - - [12/Dec/2025:17:26:48 +0000] \"GET /health HTTP/1.1\" 200 78 \"-\" \"-\"","service":"acquistions-api"}
{"level":"info","message":"::1 - - [12/Dec/2025:17:27:18 +0000] \"GET /health HTTP/1.1\" 200 78 \"-\" \"-\"","service":"acquistions-api"}
{"level":"info","message":"::1 - - [12/Dec/2025:17:27:48 +0000] \"GET /health HTTP/1.1\" 200 77 \"-\" \"-\"","service":"acquistions-api"}
{"level":"info","message":"::1 - - [12/Dec/2025:17:28:18 +0000] \"GET /health HTTP/1.1\" 200 78 \"-\" \"-\"","service":"acquistions-api"}
{"level":"info","message":"::1 - - [12/Dec/2025:17:28:48 +0000] \"GET /health HTTP/1.1\" 200 78 \"-\" \"-\"","service":"acquistions-api"}
{"level":"info","message":"::1 - - [12/Dec/2025:17:29:19 +0000] \"GET /health HTTP/1.1\" 200 77 \"-\" \"-\"","service":"acquistions-api"}
{"level":"info","message":"::1 - - [12/Dec/2025:17:29:49 +0000] \"GET /health HTTP/1.1\" 200 78 \"-\" \"-\"","service":"acquistions-api"}
{"level":"info","message":"::1 - - [12/Dec/2025:17:30:19 +0000] \"GET /health HTTP/1.1\" 200 78 \"-\" \"-\"","service":"acquistions-api"}
{"level":"info","message":"::1 - - [12/Dec/2025:17:30:49 +0000] \"GET /health HTTP/1.1\" 200 78 \"-\" \"-\"","service":"acquistions-api"}
{"level":"info","message":"::1 - - [12/Dec/2025:17:31:20 +0000] \"GET /health HTTP/1.1\" 200 78 \"-\" \"-\"","service":"acquistions-api"}
{"level":"info","message":"::1 - - [12/Dec/2025:17:31:32 +0000] \"GET /health HTTP/1.1\" 200 75 \"-\" \"-\"","service":"acquistions-api"}
{"level":"info","message":"::1 - - [12/Dec/2025:17:32:02 +0000] \"GET /health HTTP/1.1\" 200 76 \"-\" \"-\"","service":"acquistions-api"}
{"level":"info","message":"::ffff:172.19.0.1 - - [12/Dec/2025:17:32:06 +0000] \"GET /api/users HTTP/1.1\" 401 72 \"-\" \"HTTPie\"","service":"acquistions-api"}
{"level":"info","message":"::1 - - [12/Dec/2025:17:32:33 +0000] \"GET /health HTTP/1.1\" 200 76 \"-\" \"-\"","service":"acquistions-api"}
{"level":"info","message":"::ffff:172.19.0.1 - - [12/Dec/2025:17:32:49 +0000] \"GET /api/auth/sign-in HTTP/1.1\" 404 155 \"-\" \"HTTPie\"","service":"acquistions-api"}
{"level":"info","message":"::1 - - [12/Dec/2025:17:33:03 +0000] \"GET /health HTTP/1.1\" 200 76 \"-\" \"-\"","service":"acquistions-api"}
{"level":"info","message":"::1 - - [12/Dec/2025:17:33:33 +0000] \"GET /health HTTP/1.1\" 200 77 \"-\" \"-\"","service":"acquistions-api"}
{"level":"info","message":"::1 - - [12/Dec/2025:17:34:03 +0000] \"GET /health HTTP/1.1\" 200 77 \"-\" \"-\"","service":"acquistions-api"}
{"level":"info","message":"::ffff:172.19.0.1 - - [12/Dec/2025:17:34:16 +0000] \"GET /api/auth/sign-in HTTP/1.1\" 404 155 \"-\" \"HTTPie\"","service":"acquistions-api"}
{"level":"info","message":"::1 - - [12/Dec/2025:17:34:33 +0000] \"GET /health HTTP/1.1\" 200 77 \"-\" \"-\"","service":"acquistions-api"}
{"level":"info","message":"User newemail123@gmail.com autheticated successfully","service":"acquistions-api"}
{"level":"info","message":"User signed in successfully: newemail123@gmail.com","service":"acquistions-api"}
{"level":"info","message":"::ffff:172.19.0.1 - - [12/Dec/2025:17:34:59 +0000] \"POST /api/auth/sign-in HTTP/1.1\" 200 128 \"-\" \"HTTPie\"","service":"acquistions-api"}
{"level":"info","message":"::1 - - [12/Dec/2025:17:35:04 +0000] \"GET /health HTTP/1.1\" 200 77 \"-\" \"-\"","service":"acquistions-api"}
{"level":"info","message":"::1 - - [12/Dec/2025:17:35:34 +0000] \"GET /health HTTP/1.1\" 200 77 \"-\" \"-\"","service":"acquistions-api"}
{"level":"info","message":"::ffff:172.19.0.1 - - [12/Dec/2025:17:35:42 +0000] \"POST /api/api/users HTTP/1.1\" 404 153 \"-\" \"HTTPie\"","service":"acquistions-api"}
{"level":"info","message":"::ffff:172.19.0.1 - - [12/Dec/2025:17:35:46 +0000] \"GET /api/api/users HTTP/1.1\" 404 152 \"-\" \"HTTPie\"","service":"acquistions-api"}
{"level":"info","message":"User authenticated: newemail123@gmail.com (admin)","service":"acquistions-api"}
{"level":"info","message":"Getting users...","service":"acquistions-api"}
{"level":"info","message":"::ffff:172.19.0.1 - - [12/Dec/2025:17:35:51 +0000] \"GET /api/users HTTP/1.1\" 200 222 \"-\" \"HTTPie\"","service":"acquistions-api"}
{"level":"info","message":"::1 - - [12/Dec/2025:17:36:04 +0000] \"GET /health HTTP/1.1\" 200 77 \"-\" \"-\"","service":"acquistions-api"}
{"level":"info","message":"::1 - - [12/Dec/2025:17:36:34 +0000] \"GET /health HTTP/1.1\" 200 77 \"-\" \"-\"","service":"acquistions-api"}
{"level":"info","message":"::1 - - [12/Dec/2025:17:37:05 +0000] \"GET /health HTTP/1.1\" 200 77 \"-\" \"-\"","service":"acquistions-api"}
{"level":"info","message":"::1 - - [12/Dec/2025:17:37:35 +0000] \"GET /health HTTP/1.1\" 200 77 \"-\" \"-\"","service":"acquistions-api"}
{"level":"info","message":"::1 - - [12/Dec/2025:17:38:05 +0000] \"GET /health HTTP/1.1\" 200 77 \"-\" \"-\"","service":"acquistions-api"}
{"level":"info","message":"::1 - - [12/Dec/2025:17:38:35 +0000] \"GET /health HTTP/1.1\" 200 77 \"-\" \"-\"","service":"acquistions-api"}
{"level":"info","message":"::1 - - [12/Dec/2025:17:39:05 +0000] \"GET /health HTTP/1.1\" 200 77 \"-\" \"-\"","service":"acquistions-api"}
{"level":"info","message":"::1 - - [12/Dec/2025:17:39:36 +0000] \"GET /health HTTP/1.1\" 200 77 \"-\" \"-\"","service":"acquistions-api"}
{"level":"info","message":"::ffff:127.0.0.1 - - [15/Dec/2025:13:14:47 +0000] \"GET /health HTTP/1.1\" 200 73 \"-\" \"-\"","service":"acquistions-api"}
{"level":"info","message":"::ffff:127.0.0.1 - - [15/Dec/2025:13:14:47 +0000] \"GET /api HTTP/1.1\" 200 41 \"-\" \"-\"","service":"acquistions-api"}
{"level":"info","message":"::ffff:127.0.0.1 - - [15/Dec/2025:13:14:47 +0000] \"GET /nonexistent HTTP/1.1\" 404 27 \"-\" \"-\"","service":"acquistions-api"}
{"level":"info","message":"::ffff:127.0.0.1 - - [15/Dec/2025:13:15:38 +0000] \"GET /health HTTP/1.1\" 200 73 \"-\" \"-\"","service":"acquistions-api"}
{"level":"info","message":"::ffff:127.0.0.1 - - [15/Dec/2025:13:15:38 +0000] \"GET /api HTTP/1.1\" 200 41 \"-\" \"-\"","service":"acquistions-api"}
{"level":"info","message":"::ffff:127.0.0.1 - - [15/Dec/2025:13:15:38 +0000] \"GET /nonexistent HTTP/1.1\" 404 27 \"-\" \"-\"","service":"acquistions-api"}
{"level":"info","message":"::ffff:127.0.0.1 - - [15/Dec/2025:13:24:34 +0000] \"GET /health HTTP/1.1\" 200 72 \"-\" \"-\"","service":"acquistions-api"}
{"level":"info","message":"::ffff:127.0.0.1 - - [15/Dec/2025:13:24:34 +0000] \"GET /api HTTP/1.1\" 200 41 \"-\" \"-\"","service":"acquistions-api"}
{"level":"info","message":"::ffff:127.0.0.1 - - [15/Dec/2025:13:24:34 +0000] \"GET /nonexistent HTTP/1.1\" 404 27 \"-\" \"-\"","service":"acquistions-api"}
